com.example.demo.OrderApplication-[INFO]- 2024-06-19 21:45:12,322-Starting OrderApplication using Java 17.0.11 with PID 3540 (C:\Users\DELL\WorkSpace\Spring_REST\03_spring_rest_Order-CRUD\target\classes started by DELL in C:\Users\DELL\WorkSpace\Spring_REST\03_spring_rest_Order-CRUD)-
com.example.demo.OrderApplication-[INFO]- 2024-06-19 21:45:12,326-No active profile set, falling back to 1 default profile: "default"-
org.springframework.boot.devtools.env.DevToolsPropertyDefaultsPostProcessor-[INFO]- 2024-06-19 21:45:12,412-Devtools property defaults active! Set 'spring.devtools.add-properties' to 'false' to disable-
org.springframework.boot.devtools.env.DevToolsPropertyDefaultsPostProcessor-[INFO]- 2024-06-19 21:45:12,414-For additional web related logging consider setting the 'logging.level.web' property to 'DEBUG'-
org.springframework.data.repository.config.RepositoryConfigurationDelegate-[INFO]- 2024-06-19 21:45:13,600-Bootstrapping Spring Data JPA repositories in DEFAULT mode.-
org.springframework.data.repository.config.RepositoryConfigurationDelegate-[INFO]- 2024-06-19 21:45:13,677-Finished Spring Data repository scanning in 63 ms. Found 1 JPA repository interface.-
org.springframework.boot.web.embedded.tomcat.TomcatWebServer-[INFO]- 2024-06-19 21:45:14,336-Tomcat initialized with port 9193 (http)-
org.apache.catalina.core.StandardService-[INFO]- 2024-06-19 21:45:14,353-Starting service [Tomcat]-
org.apache.catalina.core.StandardEngine-[INFO]- 2024-06-19 21:45:14,353-Starting Servlet engine: [Apache Tomcat/10.1.24]-
org.apache.catalina.core.ContainerBase.[Tomcat].[localhost].[/]-[INFO]- 2024-06-19 21:45:14,441-Initializing Spring embedded WebApplicationContext-
org.springframework.boot.web.servlet.context.ServletWebServerApplicationContext-[INFO]- 2024-06-19 21:45:14,441-Root WebApplicationContext: initialization completed in 2026 ms-
org.hibernate.jpa.internal.util.LogHelper-[INFO]- 2024-06-19 21:45:14,663-HHH000204: Processing PersistenceUnitInfo [name: default]-
org.hibernate.Version-[INFO]- 2024-06-19 21:45:14,755-HHH000412: Hibernate ORM core version 6.5.2.Final-
org.hibernate.cache.internal.RegionFactoryInitiator-[INFO]- 2024-06-19 21:45:14,814-HHH000026: Second-level cache disabled-
org.springframework.orm.jpa.persistenceunit.SpringPersistenceUnitInfo-[INFO]- 2024-06-19 21:45:15,210-No LoadTimeWeaver setup: ignoring JPA class transformer-
com.zaxxer.hikari.HikariDataSource-[INFO]- 2024-06-19 21:45:15,260-HikariPool-1 - Starting...-
com.zaxxer.hikari.pool.HikariPool-[INFO]- 2024-06-19 21:45:15,662-HikariPool-1 - Added connection com.mysql.cj.jdbc.ConnectionImpl@4ff43237-
com.zaxxer.hikari.HikariDataSource-[INFO]- 2024-06-19 21:45:15,666-HikariPool-1 - Start completed.-
org.hibernate.engine.transaction.jta.platform.internal.JtaPlatformInitiator-[INFO]- 2024-06-19 21:45:17,034-HHH000489: No JTA platform available (set 'hibernate.transaction.jta.platform' to enable JTA platform integration)-
org.springframework.orm.jpa.LocalContainerEntityManagerFactoryBean-[INFO]- 2024-06-19 21:45:17,244-Initialized JPA EntityManagerFactory for persistence unit 'default'-
org.springframework.boot.autoconfigure.orm.jpa.JpaBaseConfiguration$JpaWebConfiguration-[WARN]- 2024-06-19 21:45:17,686-spring.jpa.open-in-view is enabled by default. Therefore, database queries may be performed during view rendering. Explicitly configure spring.jpa.open-in-view to disable this warning-
org.springframework.boot.devtools.autoconfigure.OptionalLiveReloadServer-[INFO]- 2024-06-19 21:45:19,207-LiveReload server is running on port 35729-
org.springframework.boot.web.embedded.tomcat.TomcatWebServer-[INFO]- 2024-06-19 21:45:19,264-Tomcat started on port 9193 (http) with context path '/'-
com.example.demo.OrderApplication-[INFO]- 2024-06-19 21:45:19,281-Started OrderApplication in 7.499 seconds (process running for 8.493)-
org.springframework.boot.devtools.autoconfigure.LocalDevToolsAutoConfiguration$RestartingClassPathChangeChangedEventListener-[INFO]- 2024-06-19 21:49:48,539-Restarting due to 1 class path change (0 additions, 0 deletions, 1 modification)-
org.springframework.orm.jpa.LocalContainerEntityManagerFactoryBean-[INFO]- 2024-06-19 21:49:48,574-Closing JPA EntityManagerFactory for persistence unit 'default'-
com.zaxxer.hikari.HikariDataSource-[INFO]- 2024-06-19 21:49:48,580-HikariPool-1 - Shutdown initiated...-
com.zaxxer.hikari.HikariDataSource-[INFO]- 2024-06-19 21:49:48,598-HikariPool-1 - Shutdown completed.-
com.example.demo.OrderApplication-[INFO]- 2024-06-19 21:49:48,750-Starting OrderApplication using Java 17.0.11 with PID 3540 (C:\Users\DELL\WorkSpace\Spring_REST\03_spring_rest_Order-CRUD\target\classes started by DELL in C:\Users\DELL\WorkSpace\Spring_REST\03_spring_rest_Order-CRUD)-
com.example.demo.OrderApplication-[INFO]- 2024-06-19 21:49:48,751-No active profile set, falling back to 1 default profile: "default"-
org.springframework.data.repository.config.RepositoryConfigurationDelegate-[INFO]- 2024-06-19 21:49:49,125-Bootstrapping Spring Data JPA repositories in DEFAULT mode.-
org.springframework.data.repository.config.RepositoryConfigurationDelegate-[INFO]- 2024-06-19 21:49:49,137-Finished Spring Data repository scanning in 11 ms. Found 1 JPA repository interface.-
org.springframework.boot.web.embedded.tomcat.TomcatWebServer-[INFO]- 2024-06-19 21:49:49,285-Tomcat initialized with port 9193 (http)-
org.apache.catalina.core.StandardService-[INFO]- 2024-06-19 21:49:49,286-Starting service [Tomcat]-
org.apache.catalina.core.StandardEngine-[INFO]- 2024-06-19 21:49:49,287-Starting Servlet engine: [Apache Tomcat/10.1.24]-
org.apache.catalina.core.ContainerBase.[Tomcat].[localhost].[/]-[INFO]- 2024-06-19 21:49:49,317-Initializing Spring embedded WebApplicationContext-
org.springframework.boot.web.servlet.context.ServletWebServerApplicationContext-[INFO]- 2024-06-19 21:49:49,317-Root WebApplicationContext: initialization completed in 561 ms-
org.hibernate.jpa.internal.util.LogHelper-[INFO]- 2024-06-19 21:49:49,375-HHH000204: Processing PersistenceUnitInfo [name: default]-
org.hibernate.cache.internal.RegionFactoryInitiator-[INFO]- 2024-06-19 21:49:49,381-HHH000026: Second-level cache disabled-
org.springframework.orm.jpa.persistenceunit.SpringPersistenceUnitInfo-[INFO]- 2024-06-19 21:49:49,403-No LoadTimeWeaver setup: ignoring JPA class transformer-
com.zaxxer.hikari.HikariDataSource-[INFO]- 2024-06-19 21:49:49,405-HikariPool-2 - Starting...-
com.zaxxer.hikari.pool.HikariPool-[INFO]- 2024-06-19 21:49:49,429-HikariPool-2 - Added connection com.mysql.cj.jdbc.ConnectionImpl@6206f087-
com.zaxxer.hikari.HikariDataSource-[INFO]- 2024-06-19 21:49:49,429-HikariPool-2 - Start completed.-
org.hibernate.engine.transaction.jta.platform.internal.JtaPlatformInitiator-[INFO]- 2024-06-19 21:49:49,509-HHH000489: No JTA platform available (set 'hibernate.transaction.jta.platform' to enable JTA platform integration)-
org.springframework.orm.jpa.LocalContainerEntityManagerFactoryBean-[INFO]- 2024-06-19 21:49:49,523-Initialized JPA EntityManagerFactory for persistence unit 'default'-
org.springframework.boot.autoconfigure.orm.jpa.JpaBaseConfiguration$JpaWebConfiguration-[WARN]- 2024-06-19 21:49:49,666-spring.jpa.open-in-view is enabled by default. Therefore, database queries may be performed during view rendering. Explicitly configure spring.jpa.open-in-view to disable this warning-
org.springframework.boot.devtools.autoconfigure.OptionalLiveReloadServer-[INFO]- 2024-06-19 21:49:50,509-LiveReload server is running on port 35729-
org.springframework.boot.web.embedded.tomcat.TomcatWebServer-[INFO]- 2024-06-19 21:49:50,529-Tomcat started on port 9193 (http) with context path '/'-
com.example.demo.OrderApplication-[INFO]- 2024-06-19 21:49:50,551-Started OrderApplication in 1.864 seconds (process running for 279.763)-
org.springframework.boot.devtools.autoconfigure.ConditionEvaluationDeltaLoggingListener-[INFO]- 2024-06-19 21:49:50,555-Condition evaluation unchanged-
org.springframework.boot.devtools.autoconfigure.LocalDevToolsAutoConfiguration$RestartingClassPathChangeChangedEventListener-[INFO]- 2024-06-19 21:50:52,280-Restarting due to 1 class path change (0 additions, 0 deletions, 1 modification)-
org.springframework.orm.jpa.LocalContainerEntityManagerFactoryBean-[INFO]- 2024-06-19 21:50:52,302-Closing JPA EntityManagerFactory for persistence unit 'default'-
com.zaxxer.hikari.HikariDataSource-[INFO]- 2024-06-19 21:50:52,302-HikariPool-2 - Shutdown initiated...-
com.zaxxer.hikari.HikariDataSource-[INFO]- 2024-06-19 21:50:52,311-HikariPool-2 - Shutdown completed.-
com.example.demo.OrderApplication-[INFO]- 2024-06-19 21:50:52,419-Starting OrderApplication using Java 17.0.11 with PID 3540 (C:\Users\DELL\WorkSpace\Spring_REST\03_spring_rest_Order-CRUD\target\classes started by DELL in C:\Users\DELL\WorkSpace\Spring_REST\03_spring_rest_Order-CRUD)-
com.example.demo.OrderApplication-[INFO]- 2024-06-19 21:50:52,420-No active profile set, falling back to 1 default profile: "default"-
org.springframework.data.repository.config.RepositoryConfigurationDelegate-[INFO]- 2024-06-19 21:50:52,723-Bootstrapping Spring Data JPA repositories in DEFAULT mode.-
org.springframework.data.repository.config.RepositoryConfigurationDelegate-[INFO]- 2024-06-19 21:50:52,734-Finished Spring Data repository scanning in 10 ms. Found 1 JPA repository interface.-
org.springframework.boot.web.embedded.tomcat.TomcatWebServer-[INFO]- 2024-06-19 21:50:52,867-Tomcat initialized with port 9193 (http)-
org.apache.catalina.core.StandardService-[INFO]- 2024-06-19 21:50:52,868-Starting service [Tomcat]-
org.apache.catalina.core.StandardEngine-[INFO]- 2024-06-19 21:50:52,868-Starting Servlet engine: [Apache Tomcat/10.1.24]-
org.apache.catalina.core.ContainerBase.[Tomcat].[localhost].[/]-[INFO]- 2024-06-19 21:50:52,898-Initializing Spring embedded WebApplicationContext-
org.springframework.boot.web.servlet.context.ServletWebServerApplicationContext-[INFO]- 2024-06-19 21:50:52,898-Root WebApplicationContext: initialization completed in 475 ms-
org.hibernate.jpa.internal.util.LogHelper-[INFO]- 2024-06-19 21:50:52,944-HHH000204: Processing PersistenceUnitInfo [name: default]-
org.hibernate.cache.internal.RegionFactoryInitiator-[INFO]- 2024-06-19 21:50:52,948-HHH000026: Second-level cache disabled-
org.springframework.orm.jpa.persistenceunit.SpringPersistenceUnitInfo-[INFO]- 2024-06-19 21:50:52,961-No LoadTimeWeaver setup: ignoring JPA class transformer-
com.zaxxer.hikari.HikariDataSource-[INFO]- 2024-06-19 21:50:52,963-HikariPool-3 - Starting...-
com.zaxxer.hikari.pool.HikariPool-[INFO]- 2024-06-19 21:50:52,981-HikariPool-3 - Added connection com.mysql.cj.jdbc.ConnectionImpl@74e35060-
com.zaxxer.hikari.HikariDataSource-[INFO]- 2024-06-19 21:50:52,981-HikariPool-3 - Start completed.-
org.hibernate.engine.transaction.jta.platform.internal.JtaPlatformInitiator-[INFO]- 2024-06-19 21:50:53,041-HHH000489: No JTA platform available (set 'hibernate.transaction.jta.platform' to enable JTA platform integration)-
org.springframework.orm.jpa.LocalContainerEntityManagerFactoryBean-[INFO]- 2024-06-19 21:50:53,084-Initialized JPA EntityManagerFactory for persistence unit 'default'-
org.springframework.boot.autoconfigure.orm.jpa.JpaBaseConfiguration$JpaWebConfiguration-[WARN]- 2024-06-19 21:50:53,204-spring.jpa.open-in-view is enabled by default. Therefore, database queries may be performed during view rendering. Explicitly configure spring.jpa.open-in-view to disable this warning-
org.springframework.boot.devtools.autoconfigure.OptionalLiveReloadServer-[INFO]- 2024-06-19 21:50:53,924-LiveReload server is running on port 35729-
org.springframework.boot.web.embedded.tomcat.TomcatWebServer-[INFO]- 2024-06-19 21:50:53,946-Tomcat started on port 9193 (http) with context path '/'-
com.example.demo.OrderApplication-[INFO]- 2024-06-19 21:50:53,969-Started OrderApplication in 1.596 seconds (process running for 343.18)-
org.springframework.boot.devtools.autoconfigure.ConditionEvaluationDeltaLoggingListener-[INFO]- 2024-06-19 21:50:53,970-Condition evaluation unchanged-
org.apache.catalina.core.ContainerBase.[Tomcat].[localhost].[/]-[INFO]- 2024-06-19 21:51:34,217-Initializing Spring DispatcherServlet 'dispatcherServlet'-
org.springframework.web.servlet.DispatcherServlet-[INFO]- 2024-06-19 21:51:34,219-Initializing Servlet 'dispatcherServlet'-
org.springframework.web.servlet.DispatcherServlet-[INFO]- 2024-06-19 21:51:34,221-Completed initialization in 1 ms-
com.example.demo.service.OrderService-[INFO]- 2024-06-19 21:51:34,301-Fetching all records from Database...-
com.example.demo.service.OrderService-[INFO]- 2024-06-19 22:03:26,223-Fetching all records from Database...-
org.springframework.boot.devtools.autoconfigure.LocalDevToolsAutoConfiguration$RestartingClassPathChangeChangedEventListener-[INFO]- 2024-06-19 22:08:08,968-Restarting due to 1 class path change (0 additions, 0 deletions, 1 modification)-
org.springframework.orm.jpa.LocalContainerEntityManagerFactoryBean-[INFO]- 2024-06-19 22:08:08,988-Closing JPA EntityManagerFactory for persistence unit 'default'-
com.zaxxer.hikari.HikariDataSource-[INFO]- 2024-06-19 22:08:08,990-HikariPool-3 - Shutdown initiated...-
com.zaxxer.hikari.HikariDataSource-[INFO]- 2024-06-19 22:08:08,999-HikariPool-3 - Shutdown completed.-
com.example.demo.OrderApplication-[INFO]- 2024-06-19 22:08:09,107-Starting OrderApplication using Java 17.0.11 with PID 3540 (C:\Users\DELL\WorkSpace\Spring_REST\03_spring_rest_Order-CRUD\target\classes started by DELL in C:\Users\DELL\WorkSpace\Spring_REST\03_spring_rest_Order-CRUD)-
com.example.demo.OrderApplication-[INFO]- 2024-06-19 22:08:09,108-No active profile set, falling back to 1 default profile: "default"-
org.springframework.data.repository.config.RepositoryConfigurationDelegate-[INFO]- 2024-06-19 22:08:09,377-Bootstrapping Spring Data JPA repositories in DEFAULT mode.-
org.springframework.data.repository.config.RepositoryConfigurationDelegate-[INFO]- 2024-06-19 22:08:09,387-Finished Spring Data repository scanning in 10 ms. Found 1 JPA repository interface.-
org.springframework.boot.web.embedded.tomcat.TomcatWebServer-[INFO]- 2024-06-19 22:08:09,499-Tomcat initialized with port 9193 (http)-
org.apache.catalina.core.StandardService-[INFO]- 2024-06-19 22:08:09,500-Starting service [Tomcat]-
org.apache.catalina.core.StandardEngine-[INFO]- 2024-06-19 22:08:09,501-Starting Servlet engine: [Apache Tomcat/10.1.24]-
org.apache.catalina.core.ContainerBase.[Tomcat].[localhost].[/]-[INFO]- 2024-06-19 22:08:09,525-Initializing Spring embedded WebApplicationContext-
org.springframework.boot.web.servlet.context.ServletWebServerApplicationContext-[INFO]- 2024-06-19 22:08:09,526-Root WebApplicationContext: initialization completed in 415 ms-
org.hibernate.jpa.internal.util.LogHelper-[INFO]- 2024-06-19 22:08:09,567-HHH000204: Processing PersistenceUnitInfo [name: default]-
org.hibernate.cache.internal.RegionFactoryInitiator-[INFO]- 2024-06-19 22:08:09,571-HHH000026: Second-level cache disabled-
org.springframework.orm.jpa.persistenceunit.SpringPersistenceUnitInfo-[INFO]- 2024-06-19 22:08:09,583-No LoadTimeWeaver setup: ignoring JPA class transformer-
com.zaxxer.hikari.HikariDataSource-[INFO]- 2024-06-19 22:08:09,585-HikariPool-4 - Starting...-
com.zaxxer.hikari.pool.HikariPool-[INFO]- 2024-06-19 22:08:09,601-HikariPool-4 - Added connection com.mysql.cj.jdbc.ConnectionImpl@4da6fcc6-
com.zaxxer.hikari.HikariDataSource-[INFO]- 2024-06-19 22:08:09,602-HikariPool-4 - Start completed.-
org.hibernate.engine.transaction.jta.platform.internal.JtaPlatformInitiator-[INFO]- 2024-06-19 22:08:09,646-HHH000489: No JTA platform available (set 'hibernate.transaction.jta.platform' to enable JTA platform integration)-
org.springframework.orm.jpa.LocalContainerEntityManagerFactoryBean-[INFO]- 2024-06-19 22:08:09,703-Initialized JPA EntityManagerFactory for persistence unit 'default'-
org.springframework.boot.autoconfigure.orm.jpa.JpaBaseConfiguration$JpaWebConfiguration-[WARN]- 2024-06-19 22:08:09,799-spring.jpa.open-in-view is enabled by default. Therefore, database queries may be performed during view rendering. Explicitly configure spring.jpa.open-in-view to disable this warning-
org.springframework.boot.devtools.autoconfigure.OptionalLiveReloadServer-[INFO]- 2024-06-19 22:08:10,465-LiveReload server is running on port 35729-
org.springframework.boot.web.embedded.tomcat.TomcatWebServer-[INFO]- 2024-06-19 22:08:10,480-Tomcat started on port 9193 (http) with context path '/'-
com.example.demo.OrderApplication-[INFO]- 2024-06-19 22:08:10,491-Started OrderApplication in 1.428 seconds (process running for 1379.702)-
org.springframework.boot.devtools.autoconfigure.ConditionEvaluationDeltaLoggingListener-[INFO]- 2024-06-19 22:08:10,495-Condition evaluation unchanged-
org.apache.catalina.core.ContainerBase.[Tomcat].[localhost].[/]-[INFO]- 2024-06-19 22:09:18,469-Initializing Spring DispatcherServlet 'dispatcherServlet'-
org.springframework.web.servlet.DispatcherServlet-[INFO]- 2024-06-19 22:09:18,470-Initializing Servlet 'dispatcherServlet'-
org.springframework.web.servlet.DispatcherServlet-[INFO]- 2024-06-19 22:09:18,472-Completed initialization in 2 ms-
com.example.demo.service.OrderService-[INFO]- 2024-06-19 22:09:18,483-Fetching all records from Database...-
org.springframework.web.servlet.mvc.method.annotation.ExceptionHandlerExceptionResolver-[WARN]- 2024-06-19 22:09:18,818-Resolved [org.springframework.web.servlet.resource.NoResourceFoundException: No static resource favicon.ico.]-
org.springdoc.api.AbstractOpenApiResource-[INFO]- 2024-06-19 22:18:30,527-Init duration for springdoc-openapi is: 275 ms-
com.example.demo.service.OrderService-[INFO]- 2024-06-19 22:19:17,983-Fetching all records from Database...-
com.example.demo.service.OrderService-[INFO]- 2024-06-19 22:19:31,213-Fetching all records from Database...-
com.example.demo.service.OrderService-[INFO]- 2024-06-19 22:19:49,043-Fetching all records from Database...-
org.springframework.boot.devtools.autoconfigure.LocalDevToolsAutoConfiguration$RestartingClassPathChangeChangedEventListener-[INFO]- 2024-06-19 22:20:48,224-Restarting due to 1 class path change (0 additions, 0 deletions, 1 modification)-
org.springframework.orm.jpa.LocalContainerEntityManagerFactoryBean-[INFO]- 2024-06-19 22:20:48,242-Closing JPA EntityManagerFactory for persistence unit 'default'-
com.zaxxer.hikari.HikariDataSource-[INFO]- 2024-06-19 22:20:48,243-HikariPool-4 - Shutdown initiated...-
com.zaxxer.hikari.HikariDataSource-[INFO]- 2024-06-19 22:20:48,248-HikariPool-4 - Shutdown completed.-
com.example.demo.OrderApplication-[INFO]- 2024-06-19 22:20:48,356-Starting OrderApplication using Java 17.0.11 with PID 3540 (C:\Users\DELL\WorkSpace\Spring_REST\03_spring_rest_Order-CRUD\target\classes started by DELL in C:\Users\DELL\WorkSpace\Spring_REST\03_spring_rest_Order-CRUD)-
com.example.demo.OrderApplication-[INFO]- 2024-06-19 22:20:48,357-No active profile set, falling back to 1 default profile: "default"-
org.springframework.data.repository.config.RepositoryConfigurationDelegate-[INFO]- 2024-06-19 22:20:48,669-Bootstrapping Spring Data JPA repositories in DEFAULT mode.-
org.springframework.data.repository.config.RepositoryConfigurationDelegate-[INFO]- 2024-06-19 22:20:48,678-Finished Spring Data repository scanning in 8 ms. Found 1 JPA repository interface.-
org.springframework.boot.web.embedded.tomcat.TomcatWebServer-[INFO]- 2024-06-19 22:20:48,788-Tomcat initialized with port 9193 (http)-
org.apache.catalina.core.StandardService-[INFO]- 2024-06-19 22:20:48,790-Starting service [Tomcat]-
org.apache.catalina.core.StandardEngine-[INFO]- 2024-06-19 22:20:48,790-Starting Servlet engine: [Apache Tomcat/10.1.24]-
org.apache.catalina.core.ContainerBase.[Tomcat].[localhost].[/]-[INFO]- 2024-06-19 22:20:48,813-Initializing Spring embedded WebApplicationContext-
org.springframework.boot.web.servlet.context.ServletWebServerApplicationContext-[INFO]- 2024-06-19 22:20:48,814-Root WebApplicationContext: initialization completed in 452 ms-
org.hibernate.jpa.internal.util.LogHelper-[INFO]- 2024-06-19 22:20:48,853-HHH000204: Processing PersistenceUnitInfo [name: default]-
org.hibernate.cache.internal.RegionFactoryInitiator-[INFO]- 2024-06-19 22:20:48,859-HHH000026: Second-level cache disabled-
org.springframework.orm.jpa.persistenceunit.SpringPersistenceUnitInfo-[INFO]- 2024-06-19 22:20:48,870-No LoadTimeWeaver setup: ignoring JPA class transformer-
com.zaxxer.hikari.HikariDataSource-[INFO]- 2024-06-19 22:20:48,873-HikariPool-5 - Starting...-
com.zaxxer.hikari.pool.HikariPool-[INFO]- 2024-06-19 22:20:48,888-HikariPool-5 - Added connection com.mysql.cj.jdbc.ConnectionImpl@106ad5f8-
com.zaxxer.hikari.HikariDataSource-[INFO]- 2024-06-19 22:20:48,888-HikariPool-5 - Start completed.-
org.hibernate.engine.transaction.jta.platform.internal.JtaPlatformInitiator-[INFO]- 2024-06-19 22:20:48,936-HHH000489: No JTA platform available (set 'hibernate.transaction.jta.platform' to enable JTA platform integration)-
org.springframework.orm.jpa.LocalContainerEntityManagerFactoryBean-[INFO]- 2024-06-19 22:20:48,961-Initialized JPA EntityManagerFactory for persistence unit 'default'-
org.springframework.boot.autoconfigure.orm.jpa.JpaBaseConfiguration$JpaWebConfiguration-[WARN]- 2024-06-19 22:20:49,056-spring.jpa.open-in-view is enabled by default. Therefore, database queries may be performed during view rendering. Explicitly configure spring.jpa.open-in-view to disable this warning-
org.springframework.boot.devtools.autoconfigure.OptionalLiveReloadServer-[INFO]- 2024-06-19 22:20:49,821-LiveReload server is running on port 35729-
org.springframework.boot.web.embedded.tomcat.TomcatWebServer-[INFO]- 2024-06-19 22:20:49,838-Tomcat started on port 9193 (http) with context path '/'-
com.example.demo.OrderApplication-[INFO]- 2024-06-19 22:20:49,849-Started OrderApplication in 1.539 seconds (process running for 2139.061)-
org.springframework.boot.devtools.autoconfigure.ConditionEvaluationDeltaLoggingListener-[INFO]- 2024-06-19 22:20:49,852-Condition evaluation unchanged-
com.zaxxer.hikari.pool.HikariPool-[WARN]- 2024-06-19 22:38:03,924-HikariPool-5 - Thread starvation or clock leap detected (housekeeper delta=16m44s916ms698µs100ns).-
org.apache.catalina.core.ContainerBase.[Tomcat].[localhost].[/]-[INFO]- 2024-06-19 22:41:01,635-Initializing Spring DispatcherServlet 'dispatcherServlet'-
org.springframework.web.servlet.DispatcherServlet-[INFO]- 2024-06-19 22:41:01,636-Initializing Servlet 'dispatcherServlet'-
org.springframework.web.servlet.DispatcherServlet-[INFO]- 2024-06-19 22:41:01,642-Completed initialization in 6 ms-
com.example.demo.service.OrderService-[INFO]- 2024-06-19 22:41:01,645-Fetching all records from Database...-
org.springframework.web.servlet.mvc.method.annotation.ExceptionHandlerExceptionResolver-[WARN]- 2024-06-19 22:41:54,960-Resolved [com.example.demo.exception.ResourceNotFoundException: Product not found for this id :: 20]-
org.springframework.web.servlet.mvc.method.annotation.ExceptionHandlerExceptionResolver-[WARN]- 2024-06-19 22:42:04,058-Resolved [com.example.demo.exception.ResourceNotFoundException: Product not found for this id :: 3]-
org.springframework.web.servlet.mvc.method.annotation.ExceptionHandlerExceptionResolver-[WARN]- 2024-06-19 22:42:39,458-Resolved [org.springframework.web.method.annotation.MethodArgumentTypeMismatchException: Failed to convert value of type 'java.lang.String' to required type 'int'; For input string: "xml"]-
org.springframework.boot.devtools.autoconfigure.LocalDevToolsAutoConfiguration$RestartingClassPathChangeChangedEventListener-[INFO]- 2024-06-19 22:43:00,280-Restarting due to 1 class path change (0 additions, 0 deletions, 1 modification)-
org.springframework.orm.jpa.LocalContainerEntityManagerFactoryBean-[INFO]- 2024-06-19 22:43:00,298-Closing JPA EntityManagerFactory for persistence unit 'default'-
com.zaxxer.hikari.HikariDataSource-[INFO]- 2024-06-19 22:43:00,299-HikariPool-5 - Shutdown initiated...-
com.zaxxer.hikari.HikariDataSource-[INFO]- 2024-06-19 22:43:00,308-HikariPool-5 - Shutdown completed.-
com.example.demo.OrderApplication-[INFO]- 2024-06-19 22:43:00,427-Starting OrderApplication using Java 17.0.11 with PID 3540 (C:\Users\DELL\WorkSpace\Spring_REST\03_spring_rest_Order-CRUD\target\classes started by DELL in C:\Users\DELL\WorkSpace\Spring_REST\03_spring_rest_Order-CRUD)-
com.example.demo.OrderApplication-[INFO]- 2024-06-19 22:43:00,428-No active profile set, falling back to 1 default profile: "default"-
org.springframework.data.repository.config.RepositoryConfigurationDelegate-[INFO]- 2024-06-19 22:43:00,715-Bootstrapping Spring Data JPA repositories in DEFAULT mode.-
org.springframework.data.repository.config.RepositoryConfigurationDelegate-[INFO]- 2024-06-19 22:43:00,724-Finished Spring Data repository scanning in 8 ms. Found 1 JPA repository interface.-
org.springframework.boot.web.embedded.tomcat.TomcatWebServer-[INFO]- 2024-06-19 22:43:00,812-Tomcat initialized with port 9193 (http)-
org.apache.catalina.core.StandardService-[INFO]- 2024-06-19 22:43:00,813-Starting service [Tomcat]-
org.apache.catalina.core.StandardEngine-[INFO]- 2024-06-19 22:43:00,813-Starting Servlet engine: [Apache Tomcat/10.1.24]-
org.apache.catalina.core.ContainerBase.[Tomcat].[localhost].[/]-[INFO]- 2024-06-19 22:43:00,837-Initializing Spring embedded WebApplicationContext-
org.springframework.boot.web.servlet.context.ServletWebServerApplicationContext-[INFO]- 2024-06-19 22:43:00,837-Root WebApplicationContext: initialization completed in 407 ms-
org.hibernate.jpa.internal.util.LogHelper-[INFO]- 2024-06-19 22:43:00,887-HHH000204: Processing PersistenceUnitInfo [name: default]-
org.hibernate.cache.internal.RegionFactoryInitiator-[INFO]- 2024-06-19 22:43:00,892-HHH000026: Second-level cache disabled-
org.springframework.orm.jpa.persistenceunit.SpringPersistenceUnitInfo-[INFO]- 2024-06-19 22:43:00,904-No LoadTimeWeaver setup: ignoring JPA class transformer-
com.zaxxer.hikari.HikariDataSource-[INFO]- 2024-06-19 22:43:00,905-HikariPool-6 - Starting...-
com.zaxxer.hikari.pool.HikariPool-[INFO]- 2024-06-19 22:43:00,933-HikariPool-6 - Added connection com.mysql.cj.jdbc.ConnectionImpl@7d3dc9b-
com.zaxxer.hikari.HikariDataSource-[INFO]- 2024-06-19 22:43:00,934-HikariPool-6 - Start completed.-
org.hibernate.engine.transaction.jta.platform.internal.JtaPlatformInitiator-[INFO]- 2024-06-19 22:43:00,986-HHH000489: No JTA platform available (set 'hibernate.transaction.jta.platform' to enable JTA platform integration)-
org.springframework.orm.jpa.LocalContainerEntityManagerFactoryBean-[INFO]- 2024-06-19 22:43:01,000-Initialized JPA EntityManagerFactory for persistence unit 'default'-
org.springframework.boot.autoconfigure.orm.jpa.JpaBaseConfiguration$JpaWebConfiguration-[WARN]- 2024-06-19 22:43:01,084-spring.jpa.open-in-view is enabled by default. Therefore, database queries may be performed during view rendering. Explicitly configure spring.jpa.open-in-view to disable this warning-
org.springframework.boot.devtools.autoconfigure.OptionalLiveReloadServer-[INFO]- 2024-06-19 22:43:01,797-LiveReload server is running on port 35729-
org.springframework.boot.web.embedded.tomcat.TomcatWebServer-[INFO]- 2024-06-19 22:43:01,810-Tomcat started on port 9193 (http) with context path '/'-
com.example.demo.OrderApplication-[INFO]- 2024-06-19 22:43:01,824-Started OrderApplication in 1.438 seconds (process running for 3471.039)-
org.springframework.boot.devtools.autoconfigure.ConditionEvaluationDeltaLoggingListener-[INFO]- 2024-06-19 22:43:01,828-Condition evaluation unchanged-
org.apache.catalina.core.ContainerBase.[Tomcat].[localhost].[/]-[INFO]- 2024-06-19 22:43:05,789-Initializing Spring DispatcherServlet 'dispatcherServlet'-
org.springframework.web.servlet.DispatcherServlet-[INFO]- 2024-06-19 22:43:05,789-Initializing Servlet 'dispatcherServlet'-
org.springframework.web.servlet.DispatcherServlet-[INFO]- 2024-06-19 22:43:05,796-Completed initialization in 7 ms-
com.example.demo.service.OrderService-[INFO]- 2024-06-19 22:43:05,801-Fetching all records from Database...-
com.example.demo.service.OrderService-[INFO]- 2024-06-19 22:43:55,136-Fetching all records from Database...-
com.example.demo.service.OrderService-[INFO]- 2024-06-19 22:45:20,887-Fetching all records from Database...-
org.hibernate.engine.jdbc.spi.SqlExceptionHelper-[WARN]- 2024-06-19 22:46:33,126-SQL Error: 1062, SQLState: 23000-
org.hibernate.engine.jdbc.spi.SqlExceptionHelper-[ERROR]- 2024-06-19 22:46:33,127-Duplicate entry '1' for key 'orders.PRIMARY'-
org.springframework.web.servlet.mvc.method.annotation.ExceptionHandlerExceptionResolver-[WARN]- 2024-06-19 22:46:33,151-Resolved [org.springframework.dao.DataIntegrityViolationException: could not execute statement [Duplicate entry '1' for key 'orders.PRIMARY'] [insert into orders (food_name,quantity,id) values (?,?,?)]; SQL [insert into orders (food_name,quantity,id) values (?,?,?)]; constraint [orders.PRIMARY]]-
org.springframework.web.servlet.mvc.method.annotation.ExceptionHandlerExceptionResolver-[WARN]- 2024-06-19 22:47:08,294-Resolved [org.springframework.web.HttpRequestMethodNotSupportedException: Request method 'POST' is not supported]-
org.hibernate.engine.jdbc.spi.SqlExceptionHelper-[WARN]- 2024-06-19 22:47:15,939-SQL Error: 1062, SQLState: 23000-
org.hibernate.engine.jdbc.spi.SqlExceptionHelper-[ERROR]- 2024-06-19 22:47:15,939-Duplicate entry '2' for key 'orders.PRIMARY'-
org.springframework.web.servlet.mvc.method.annotation.ExceptionHandlerExceptionResolver-[WARN]- 2024-06-19 22:47:15,941-Resolved [org.springframework.dao.DataIntegrityViolationException: could not execute statement [Duplicate entry '2' for key 'orders.PRIMARY'] [insert into orders (food_name,quantity,id) values (?,?,?)]; SQL [insert into orders (food_name,quantity,id) values (?,?,?)]; constraint [orders.PRIMARY]]-
com.example.demo.service.OrderService-[INFO]- 2024-06-19 22:48:20,304-Fetching all records from Database...-
com.example.demo.service.OrderService-[INFO]- 2024-06-19 22:48:59,046-Fetching all records from Database...-
org.springframework.web.servlet.mvc.method.annotation.ExceptionHandlerExceptionResolver-[WARN]- 2024-06-19 22:49:42,946-Resolved [org.springframework.web.servlet.resource.NoResourceFoundException: No static resource api/orders/req/1.]-
org.springframework.web.servlet.mvc.method.annotation.ExceptionHandlerExceptionResolver-[WARN]- 2024-06-19 22:49:49,759-Resolved [org.springframework.web.servlet.resource.NoResourceFoundException: No static resource api/orders/req.]-
org.springframework.boot.admin.SpringApplicationAdminMXBeanRegistrar$SpringApplicationAdmin-[INFO]- 2024-06-19 22:51:00,930-Application shutdown requested.-
org.springframework.orm.jpa.LocalContainerEntityManagerFactoryBean-[INFO]- 2024-06-19 22:51:00,959-Closing JPA EntityManagerFactory for persistence unit 'default'-
com.zaxxer.hikari.HikariDataSource-[INFO]- 2024-06-19 22:51:00,960-HikariPool-6 - Shutdown initiated...-
com.zaxxer.hikari.HikariDataSource-[INFO]- 2024-06-19 22:51:00,991-HikariPool-6 - Shutdown completed.-
