com.example.demo.DemoApplication-[INFO]- 2024-07-02 10:55:44,817-Starting DemoApplication using Java 17.0.11 with PID 12260 (C:\Users\DELL\WorkSpace\Mini_Capston\doctor-service\target\classes started by DELL in C:\Users\DELL\WorkSpace\Mini_Capston\doctor-service)-
com.example.demo.DemoApplication-[INFO]- 2024-07-02 10:55:44,823-No active profile set, falling back to 1 default profile: "default"-
org.springframework.boot.devtools.env.DevToolsPropertyDefaultsPostProcessor-[INFO]- 2024-07-02 10:55:44,963-Devtools property defaults active! Set 'spring.devtools.add-properties' to 'false' to disable-
org.springframework.boot.devtools.env.DevToolsPropertyDefaultsPostProcessor-[INFO]- 2024-07-02 10:55:44,965-For additional web related logging consider setting the 'logging.level.web' property to 'DEBUG'-
org.springframework.data.repository.config.RepositoryConfigurationDelegate-[INFO]- 2024-07-02 10:55:46,689-Bootstrapping Spring Data JPA repositories in DEFAULT mode.-
org.springframework.data.repository.config.RepositoryConfigurationDelegate-[INFO]- 2024-07-02 10:55:46,784-Finished Spring Data repository scanning in 79 ms. Found 1 JPA repository interface.-
org.springframework.boot.web.embedded.tomcat.TomcatWebServer-[INFO]- 2024-07-02 10:55:47,557-Tomcat initialized with port 9192 (http)-
org.apache.catalina.core.StandardService-[INFO]- 2024-07-02 10:55:47,576-Starting service [Tomcat]-
org.apache.catalina.core.StandardEngine-[INFO]- 2024-07-02 10:55:47,577-Starting Servlet engine: [Apache Tomcat/10.1.24]-
org.apache.catalina.core.ContainerBase.[Tomcat].[localhost].[/]-[INFO]- 2024-07-02 10:55:47,679-Initializing Spring embedded WebApplicationContext-
org.springframework.boot.web.servlet.context.ServletWebServerApplicationContext-[INFO]- 2024-07-02 10:55:47,679-Root WebApplicationContext: initialization completed in 2696 ms-
org.hibernate.jpa.internal.util.LogHelper-[INFO]- 2024-07-02 10:55:47,929-HHH000204: Processing PersistenceUnitInfo [name: default]-
org.hibernate.Version-[INFO]- 2024-07-02 10:55:48,023-HHH000412: Hibernate ORM core version 6.5.2.Final-
org.hibernate.cache.internal.RegionFactoryInitiator-[INFO]- 2024-07-02 10:55:48,092-HHH000026: Second-level cache disabled-
org.springframework.orm.jpa.persistenceunit.SpringPersistenceUnitInfo-[INFO]- 2024-07-02 10:55:48,545-No LoadTimeWeaver setup: ignoring JPA class transformer-
com.zaxxer.hikari.HikariDataSource-[INFO]- 2024-07-02 10:55:48,598-HikariPool-1 - Starting...-
com.zaxxer.hikari.pool.HikariPool-[INFO]- 2024-07-02 10:55:49,069-HikariPool-1 - Added connection com.mysql.cj.jdbc.ConnectionImpl@1120c811-
com.zaxxer.hikari.HikariDataSource-[INFO]- 2024-07-02 10:55:49,075-HikariPool-1 - Start completed.-
org.hibernate.engine.transaction.jta.platform.internal.JtaPlatformInitiator-[INFO]- 2024-07-02 10:55:50,541-HHH000489: No JTA platform available (set 'hibernate.transaction.jta.platform' to enable JTA platform integration)-
org.springframework.orm.jpa.LocalContainerEntityManagerFactoryBean-[INFO]- 2024-07-02 10:55:50,717-Initialized JPA EntityManagerFactory for persistence unit 'default'-
org.springframework.boot.autoconfigure.orm.jpa.JpaBaseConfiguration$JpaWebConfiguration-[WARN]- 2024-07-02 10:55:51,388-spring.jpa.open-in-view is enabled by default. Therefore, database queries may be performed during view rendering. Explicitly configure spring.jpa.open-in-view to disable this warning-
org.springframework.boot.devtools.autoconfigure.OptionalLiveReloadServer-[INFO]- 2024-07-02 10:55:52,859-LiveReload server is running on port 35729-
org.springframework.boot.web.embedded.tomcat.TomcatWebServer-[INFO]- 2024-07-02 10:55:52,923-Tomcat started on port 9192 (http) with context path '/'-
com.example.demo.DemoApplication-[INFO]- 2024-07-02 10:55:52,944-Started DemoApplication in 8.724 seconds (process running for 9.831)-
org.apache.catalina.core.ContainerBase.[Tomcat].[localhost].[/]-[INFO]- 2024-07-02 10:57:44,308-Initializing Spring DispatcherServlet 'dispatcherServlet'-
org.springframework.web.servlet.DispatcherServlet-[INFO]- 2024-07-02 10:57:44,309-Initializing Servlet 'dispatcherServlet'-
org.springframework.web.servlet.DispatcherServlet-[INFO]- 2024-07-02 10:57:44,314-Completed initialization in 4 ms-
org.springframework.web.servlet.mvc.method.annotation.ExceptionHandlerExceptionResolver-[WARN]- 2024-07-02 10:57:44,517-Resolved [org.springframework.web.servlet.resource.NoResourceFoundException: No static resource swagger.html.]-
org.springframework.web.servlet.mvc.method.annotation.ExceptionHandlerExceptionResolver-[WARN]- 2024-07-02 10:57:44,628-Resolved [org.springframework.web.servlet.resource.NoResourceFoundException: No static resource favicon.ico.]-
org.springframework.web.servlet.mvc.method.annotation.ExceptionHandlerExceptionResolver-[WARN]- 2024-07-02 10:57:55,565-Resolved [org.springframework.web.servlet.resource.NoResourceFoundException: No static resource swagger-ui/index..html.]-
org.springframework.web.servlet.mvc.method.annotation.ExceptionHandlerExceptionResolver-[WARN]- 2024-07-02 10:57:55,613-Resolved [org.springframework.web.servlet.resource.NoResourceFoundException: No static resource favicon.ico.]-
org.springframework.web.servlet.mvc.method.annotation.ExceptionHandlerExceptionResolver-[WARN]- 2024-07-02 10:57:58,676-Resolved [org.springframework.web.servlet.resource.NoResourceFoundException: No static resource swagger-ui/index..html.]-
org.springframework.web.servlet.mvc.method.annotation.ExceptionHandlerExceptionResolver-[WARN]- 2024-07-02 10:57:58,717-Resolved [org.springframework.web.servlet.resource.NoResourceFoundException: No static resource favicon.ico.]-
org.springframework.web.servlet.mvc.method.annotation.ExceptionHandlerExceptionResolver-[WARN]- 2024-07-02 11:00:53,556-Resolved [org.springframework.web.servlet.resource.NoResourceFoundException: No static resource swagger-ui.]-
org.springframework.web.servlet.mvc.method.annotation.ExceptionHandlerExceptionResolver-[WARN]- 2024-07-02 11:00:53,605-Resolved [org.springframework.web.servlet.resource.NoResourceFoundException: No static resource favicon.ico.]-
org.springdoc.api.AbstractOpenApiResource-[INFO]- 2024-07-02 11:02:50,976-Init duration for springdoc-openapi is: 316 ms-
org.springframework.boot.devtools.autoconfigure.LocalDevToolsAutoConfiguration$RestartingClassPathChangeChangedEventListener-[INFO]- 2024-07-02 11:03:19,225-Restarting due to 1 class path change (0 additions, 0 deletions, 1 modification)-
org.springframework.orm.jpa.LocalContainerEntityManagerFactoryBean-[INFO]- 2024-07-02 11:03:19,263-Closing JPA EntityManagerFactory for persistence unit 'default'-
com.zaxxer.hikari.HikariDataSource-[INFO]- 2024-07-02 11:03:19,268-HikariPool-1 - Shutdown initiated...-
com.zaxxer.hikari.HikariDataSource-[INFO]- 2024-07-02 11:03:19,284-HikariPool-1 - Shutdown completed.-
com.example.demo.DemoApplication-[INFO]- 2024-07-02 11:03:19,437-Starting DemoApplication using Java 17.0.11 with PID 12260 (C:\Users\DELL\WorkSpace\Mini_Capston\doctor-service\target\classes started by DELL in C:\Users\DELL\WorkSpace\Mini_Capston\doctor-service)-
com.example.demo.DemoApplication-[INFO]- 2024-07-02 11:03:19,438-No active profile set, falling back to 1 default profile: "default"-
org.springframework.data.repository.config.RepositoryConfigurationDelegate-[INFO]- 2024-07-02 11:03:19,859-Bootstrapping Spring Data JPA repositories in DEFAULT mode.-
org.springframework.data.repository.config.RepositoryConfigurationDelegate-[INFO]- 2024-07-02 11:03:19,874-Finished Spring Data repository scanning in 14 ms. Found 1 JPA repository interface.-
org.springframework.boot.web.embedded.tomcat.TomcatWebServer-[INFO]- 2024-07-02 11:03:20,057-Tomcat initialized with port 9192 (http)-
org.apache.catalina.core.StandardService-[INFO]- 2024-07-02 11:03:20,058-Starting service [Tomcat]-
org.apache.catalina.core.StandardEngine-[INFO]- 2024-07-02 11:03:20,059-Starting Servlet engine: [Apache Tomcat/10.1.24]-
org.apache.catalina.core.ContainerBase.[Tomcat].[localhost].[/]-[INFO]- 2024-07-02 11:03:20,098-Initializing Spring embedded WebApplicationContext-
org.springframework.boot.web.servlet.context.ServletWebServerApplicationContext-[INFO]- 2024-07-02 11:03:20,098-Root WebApplicationContext: initialization completed in 654 ms-
org.hibernate.jpa.internal.util.LogHelper-[INFO]- 2024-07-02 11:03:20,164-HHH000204: Processing PersistenceUnitInfo [name: default]-
org.hibernate.cache.internal.RegionFactoryInitiator-[INFO]- 2024-07-02 11:03:20,171-HHH000026: Second-level cache disabled-
org.springframework.orm.jpa.persistenceunit.SpringPersistenceUnitInfo-[INFO]- 2024-07-02 11:03:20,194-No LoadTimeWeaver setup: ignoring JPA class transformer-
com.zaxxer.hikari.HikariDataSource-[INFO]- 2024-07-02 11:03:20,196-HikariPool-2 - Starting...-
com.zaxxer.hikari.pool.HikariPool-[INFO]- 2024-07-02 11:03:20,230-HikariPool-2 - Added connection com.mysql.cj.jdbc.ConnectionImpl@26bfbbd2-
com.zaxxer.hikari.HikariDataSource-[INFO]- 2024-07-02 11:03:20,230-HikariPool-2 - Start completed.-
org.hibernate.engine.transaction.jta.platform.internal.JtaPlatformInitiator-[INFO]- 2024-07-02 11:03:20,332-HHH000489: No JTA platform available (set 'hibernate.transaction.jta.platform' to enable JTA platform integration)-
org.springframework.orm.jpa.LocalContainerEntityManagerFactoryBean-[INFO]- 2024-07-02 11:03:20,355-Initialized JPA EntityManagerFactory for persistence unit 'default'-
org.springframework.boot.autoconfigure.orm.jpa.JpaBaseConfiguration$JpaWebConfiguration-[WARN]- 2024-07-02 11:03:20,498-spring.jpa.open-in-view is enabled by default. Therefore, database queries may be performed during view rendering. Explicitly configure spring.jpa.open-in-view to disable this warning-
org.springframework.boot.devtools.autoconfigure.OptionalLiveReloadServer-[INFO]- 2024-07-02 11:03:21,230-LiveReload server is running on port 35729-
org.springframework.boot.web.embedded.tomcat.TomcatWebServer-[INFO]- 2024-07-02 11:03:21,252-Tomcat started on port 9192 (http) with context path '/'-
com.example.demo.DemoApplication-[INFO]- 2024-07-02 11:03:21,273-Started DemoApplication in 1.909 seconds (process running for 458.161)-
org.springframework.boot.devtools.autoconfigure.ConditionEvaluationDeltaLoggingListener-[INFO]- 2024-07-02 11:03:21,286-Condition evaluation unchanged-
org.springframework.boot.devtools.autoconfigure.LocalDevToolsAutoConfiguration$RestartingClassPathChangeChangedEventListener-[INFO]- 2024-07-02 11:03:23,683-Restarting due to 1 class path change (0 additions, 0 deletions, 1 modification)-
org.springframework.orm.jpa.LocalContainerEntityManagerFactoryBean-[INFO]- 2024-07-02 11:03:23,712-Closing JPA EntityManagerFactory for persistence unit 'default'-
com.zaxxer.hikari.HikariDataSource-[INFO]- 2024-07-02 11:03:23,713-HikariPool-2 - Shutdown initiated...-
com.zaxxer.hikari.HikariDataSource-[INFO]- 2024-07-02 11:03:23,724-HikariPool-2 - Shutdown completed.-
com.example.demo.DemoApplication-[INFO]- 2024-07-02 11:03:23,893-Starting DemoApplication using Java 17.0.11 with PID 12260 (C:\Users\DELL\WorkSpace\Mini_Capston\doctor-service\target\classes started by DELL in C:\Users\DELL\WorkSpace\Mini_Capston\doctor-service)-
com.example.demo.DemoApplication-[INFO]- 2024-07-02 11:03:23,893-No active profile set, falling back to 1 default profile: "default"-
org.springframework.data.repository.config.RepositoryConfigurationDelegate-[INFO]- 2024-07-02 11:03:24,273-Bootstrapping Spring Data JPA repositories in DEFAULT mode.-
org.springframework.data.repository.config.RepositoryConfigurationDelegate-[INFO]- 2024-07-02 11:03:24,287-Finished Spring Data repository scanning in 14 ms. Found 1 JPA repository interface.-
org.springframework.boot.web.embedded.tomcat.TomcatWebServer-[INFO]- 2024-07-02 11:03:24,417-Tomcat initialized with port 9192 (http)-
org.apache.catalina.core.StandardService-[INFO]- 2024-07-02 11:03:24,419-Starting service [Tomcat]-
org.apache.catalina.core.StandardEngine-[INFO]- 2024-07-02 11:03:24,419-Starting Servlet engine: [Apache Tomcat/10.1.24]-
org.apache.catalina.core.ContainerBase.[Tomcat].[localhost].[/]-[INFO]- 2024-07-02 11:03:24,462-Initializing Spring embedded WebApplicationContext-
org.springframework.boot.web.servlet.context.ServletWebServerApplicationContext-[INFO]- 2024-07-02 11:03:24,464-Root WebApplicationContext: initialization completed in 567 ms-
org.hibernate.jpa.internal.util.LogHelper-[INFO]- 2024-07-02 11:03:24,553-HHH000204: Processing PersistenceUnitInfo [name: default]-
org.hibernate.cache.internal.RegionFactoryInitiator-[INFO]- 2024-07-02 11:03:24,560-HHH000026: Second-level cache disabled-
org.springframework.orm.jpa.persistenceunit.SpringPersistenceUnitInfo-[INFO]- 2024-07-02 11:03:24,577-No LoadTimeWeaver setup: ignoring JPA class transformer-
com.zaxxer.hikari.HikariDataSource-[INFO]- 2024-07-02 11:03:24,579-HikariPool-3 - Starting...-
com.zaxxer.hikari.pool.HikariPool-[INFO]- 2024-07-02 11:03:24,609-HikariPool-3 - Added connection com.mysql.cj.jdbc.ConnectionImpl@7cfba0d5-
com.zaxxer.hikari.HikariDataSource-[INFO]- 2024-07-02 11:03:24,610-HikariPool-3 - Start completed.-
org.hibernate.engine.transaction.jta.platform.internal.JtaPlatformInitiator-[INFO]- 2024-07-02 11:03:24,860-HHH000489: No JTA platform available (set 'hibernate.transaction.jta.platform' to enable JTA platform integration)-
org.springframework.orm.jpa.LocalContainerEntityManagerFactoryBean-[INFO]- 2024-07-02 11:03:24,894-Initialized JPA EntityManagerFactory for persistence unit 'default'-
org.springframework.boot.autoconfigure.orm.jpa.JpaBaseConfiguration$JpaWebConfiguration-[WARN]- 2024-07-02 11:03:25,101-spring.jpa.open-in-view is enabled by default. Therefore, database queries may be performed during view rendering. Explicitly configure spring.jpa.open-in-view to disable this warning-
org.springframework.boot.devtools.autoconfigure.OptionalLiveReloadServer-[INFO]- 2024-07-02 11:03:25,975-LiveReload server is running on port 35729-
org.springframework.boot.web.embedded.tomcat.TomcatWebServer-[INFO]- 2024-07-02 11:03:25,996-Tomcat started on port 9192 (http) with context path '/'-
com.example.demo.DemoApplication-[INFO]- 2024-07-02 11:03:26,012-Started DemoApplication in 2.182 seconds (process running for 462.899)-
org.springframework.boot.devtools.autoconfigure.ConditionEvaluationDeltaLoggingListener-[INFO]- 2024-07-02 11:03:26,014-Condition evaluation unchanged-
org.springframework.boot.devtools.autoconfigure.LocalDevToolsAutoConfiguration$RestartingClassPathChangeChangedEventListener-[INFO]- 2024-07-02 11:03:40,733-Restarting due to 1 class path change (0 additions, 0 deletions, 1 modification)-
org.springframework.orm.jpa.LocalContainerEntityManagerFactoryBean-[INFO]- 2024-07-02 11:03:40,765-Closing JPA EntityManagerFactory for persistence unit 'default'-
com.zaxxer.hikari.HikariDataSource-[INFO]- 2024-07-02 11:03:40,766-HikariPool-3 - Shutdown initiated...-
com.zaxxer.hikari.HikariDataSource-[INFO]- 2024-07-02 11:03:40,776-HikariPool-3 - Shutdown completed.-
com.example.demo.DemoApplication-[INFO]- 2024-07-02 11:03:40,908-Starting DemoApplication using Java 17.0.11 with PID 12260 (C:\Users\DELL\WorkSpace\Mini_Capston\doctor-service\target\classes started by DELL in C:\Users\DELL\WorkSpace\Mini_Capston\doctor-service)-
com.example.demo.DemoApplication-[INFO]- 2024-07-02 11:03:40,908-No active profile set, falling back to 1 default profile: "default"-
org.springframework.data.repository.config.RepositoryConfigurationDelegate-[INFO]- 2024-07-02 11:03:41,191-Bootstrapping Spring Data JPA repositories in DEFAULT mode.-
org.springframework.data.repository.config.RepositoryConfigurationDelegate-[INFO]- 2024-07-02 11:03:41,201-Finished Spring Data repository scanning in 8 ms. Found 1 JPA repository interface.-
org.springframework.boot.web.embedded.tomcat.TomcatWebServer-[INFO]- 2024-07-02 11:03:41,327-Tomcat initialized with port 9192 (http)-
org.apache.catalina.core.StandardService-[INFO]- 2024-07-02 11:03:41,328-Starting service [Tomcat]-
org.apache.catalina.core.StandardEngine-[INFO]- 2024-07-02 11:03:41,329-Starting Servlet engine: [Apache Tomcat/10.1.24]-
org.apache.catalina.core.ContainerBase.[Tomcat].[localhost].[/]-[INFO]- 2024-07-02 11:03:41,365-Initializing Spring embedded WebApplicationContext-
org.springframework.boot.web.servlet.context.ServletWebServerApplicationContext-[INFO]- 2024-07-02 11:03:41,365-Root WebApplicationContext: initialization completed in 454 ms-
org.hibernate.jpa.internal.util.LogHelper-[INFO]- 2024-07-02 11:03:41,425-HHH000204: Processing PersistenceUnitInfo [name: default]-
org.hibernate.cache.internal.RegionFactoryInitiator-[INFO]- 2024-07-02 11:03:41,431-HHH000026: Second-level cache disabled-
org.springframework.orm.jpa.persistenceunit.SpringPersistenceUnitInfo-[INFO]- 2024-07-02 11:03:41,445-No LoadTimeWeaver setup: ignoring JPA class transformer-
com.zaxxer.hikari.HikariDataSource-[INFO]- 2024-07-02 11:03:41,446-HikariPool-4 - Starting...-
com.zaxxer.hikari.pool.HikariPool-[INFO]- 2024-07-02 11:03:41,469-HikariPool-4 - Added connection com.mysql.cj.jdbc.ConnectionImpl@7d8052c3-
com.zaxxer.hikari.HikariDataSource-[INFO]- 2024-07-02 11:03:41,469-HikariPool-4 - Start completed.-
org.hibernate.engine.transaction.jta.platform.internal.JtaPlatformInitiator-[INFO]- 2024-07-02 11:03:41,544-HHH000489: No JTA platform available (set 'hibernate.transaction.jta.platform' to enable JTA platform integration)-
org.springframework.orm.jpa.LocalContainerEntityManagerFactoryBean-[INFO]- 2024-07-02 11:03:41,573-Initialized JPA EntityManagerFactory for persistence unit 'default'-
org.springframework.boot.autoconfigure.orm.jpa.JpaBaseConfiguration$JpaWebConfiguration-[WARN]- 2024-07-02 11:03:41,915-spring.jpa.open-in-view is enabled by default. Therefore, database queries may be performed during view rendering. Explicitly configure spring.jpa.open-in-view to disable this warning-
org.springframework.boot.devtools.autoconfigure.OptionalLiveReloadServer-[INFO]- 2024-07-02 11:03:42,781-LiveReload server is running on port 35729-
org.springframework.boot.web.embedded.tomcat.TomcatWebServer-[INFO]- 2024-07-02 11:03:42,800-Tomcat started on port 9192 (http) with context path '/'-
com.example.demo.DemoApplication-[INFO]- 2024-07-02 11:03:42,816-Started DemoApplication in 1.966 seconds (process running for 479.704)-
org.springframework.boot.devtools.autoconfigure.ConditionEvaluationDeltaLoggingListener-[INFO]- 2024-07-02 11:03:42,818-Condition evaluation unchanged-
org.springframework.boot.admin.SpringApplicationAdminMXBeanRegistrar$SpringApplicationAdmin-[INFO]- 2024-07-02 11:03:54,544-Application shutdown requested.-
org.springframework.orm.jpa.LocalContainerEntityManagerFactoryBean-[INFO]- 2024-07-02 11:03:54,572-Closing JPA EntityManagerFactory for persistence unit 'default'-
com.zaxxer.hikari.HikariDataSource-[INFO]- 2024-07-02 11:03:54,573-HikariPool-4 - Shutdown initiated...-
com.zaxxer.hikari.HikariDataSource-[INFO]- 2024-07-02 11:03:54,580-HikariPool-4 - Shutdown completed.-
com.example.demo.DemoApplication-[INFO]- 2024-07-02 12:30:22,335-Starting DemoApplication using Java 17.0.11 with PID 13408 (C:\Users\DELL\WorkSpace\Mini_Capston\doctor-service\target\classes started by DELL in C:\Users\DELL\WorkSpace\Mini_Capston\doctor-service)-
com.example.demo.DemoApplication-[INFO]- 2024-07-02 12:30:22,359-No active profile set, falling back to 1 default profile: "default"-
org.springframework.boot.devtools.env.DevToolsPropertyDefaultsPostProcessor-[INFO]- 2024-07-02 12:30:22,500-Devtools property defaults active! Set 'spring.devtools.add-properties' to 'false' to disable-
org.springframework.boot.devtools.env.DevToolsPropertyDefaultsPostProcessor-[INFO]- 2024-07-02 12:30:22,502-For additional web related logging consider setting the 'logging.level.web' property to 'DEBUG'-
org.springframework.data.repository.config.RepositoryConfigurationDelegate-[INFO]- 2024-07-02 12:30:24,590-Bootstrapping Spring Data JPA repositories in DEFAULT mode.-
org.springframework.data.repository.config.RepositoryConfigurationDelegate-[INFO]- 2024-07-02 12:30:24,726-Finished Spring Data repository scanning in 116 ms. Found 1 JPA repository interface.-
org.springframework.boot.web.embedded.tomcat.TomcatWebServer-[INFO]- 2024-07-02 12:30:26,090-Tomcat initialized with port 9192 (http)-
org.apache.catalina.core.StandardService-[INFO]- 2024-07-02 12:30:26,122-Starting service [Tomcat]-
org.apache.catalina.core.StandardEngine-[INFO]- 2024-07-02 12:30:26,123-Starting Servlet engine: [Apache Tomcat/10.1.24]-
org.apache.catalina.core.ContainerBase.[Tomcat].[localhost].[/]-[INFO]- 2024-07-02 12:30:26,271-Initializing Spring embedded WebApplicationContext-
org.springframework.boot.web.servlet.context.ServletWebServerApplicationContext-[INFO]- 2024-07-02 12:30:26,272-Root WebApplicationContext: initialization completed in 3769 ms-
org.hibernate.jpa.internal.util.LogHelper-[INFO]- 2024-07-02 12:30:26,793-HHH000204: Processing PersistenceUnitInfo [name: default]-
org.hibernate.Version-[INFO]- 2024-07-02 12:30:27,072-HHH000412: Hibernate ORM core version 6.5.2.Final-
org.hibernate.cache.internal.RegionFactoryInitiator-[INFO]- 2024-07-02 12:30:27,182-HHH000026: Second-level cache disabled-
org.springframework.orm.jpa.persistenceunit.SpringPersistenceUnitInfo-[INFO]- 2024-07-02 12:30:28,292-No LoadTimeWeaver setup: ignoring JPA class transformer-
com.zaxxer.hikari.HikariDataSource-[INFO]- 2024-07-02 12:30:28,379-HikariPool-1 - Starting...-
com.zaxxer.hikari.pool.HikariPool-[INFO]- 2024-07-02 12:30:29,531-HikariPool-1 - Added connection com.mysql.cj.jdbc.ConnectionImpl@4c1b58ab-
com.zaxxer.hikari.HikariDataSource-[INFO]- 2024-07-02 12:30:29,543-HikariPool-1 - Start completed.-
org.springframework.orm.jpa.LocalContainerEntityManagerFactoryBean-[ERROR]- 2024-07-02 12:30:30,947-Failed to initialize JPA EntityManagerFactory: Association 'com.example.demo.entity.Doctor.products' targets the type 'com.example.demo.entity.Patience' which is not an '@Entity' type-
org.springframework.boot.web.servlet.context.AnnotationConfigServletWebServerApplicationContext-[WARN]- 2024-07-02 12:30:30,950-Exception encountered during context initialization - cancelling refresh attempt: org.springframework.beans.factory.BeanCreationException: Error creating bean with name 'entityManagerFactory' defined in class path resource [org/springframework/boot/autoconfigure/orm/jpa/HibernateJpaConfiguration.class]: Association 'com.example.demo.entity.Doctor.products' targets the type 'com.example.demo.entity.Patience' which is not an '@Entity' type-
com.zaxxer.hikari.HikariDataSource-[INFO]- 2024-07-02 12:30:30,956-HikariPool-1 - Shutdown initiated...-
com.zaxxer.hikari.HikariDataSource-[INFO]- 2024-07-02 12:30:30,988-HikariPool-1 - Shutdown completed.-
org.apache.catalina.core.StandardService-[INFO]- 2024-07-02 12:30:30,993-Stopping service [Tomcat]-
org.springframework.boot.autoconfigure.logging.ConditionEvaluationReportLogger-[INFO]- 2024-07-02 12:30:31,045-

Error starting ApplicationContext. To display the condition evaluation report re-run your application with 'debug' enabled.-
org.springframework.boot.SpringApplication-[ERROR]- 2024-07-02 12:30:31,125-Application run failed-
org.springframework.beans.factory.BeanCreationException: Error creating bean with name 'entityManagerFactory' defined in class path resource [org/springframework/boot/autoconfigure/orm/jpa/HibernateJpaConfiguration.class]: Association 'com.example.demo.entity.Doctor.products' targets the type 'com.example.demo.entity.Patience' which is not an '@Entity' type
	at org.springframework.beans.factory.support.AbstractAutowireCapableBeanFactory.initializeBean(AbstractAutowireCapableBeanFactory.java:1788)
	at org.springframework.beans.factory.support.AbstractAutowireCapableBeanFactory.doCreateBean(AbstractAutowireCapableBeanFactory.java:600)
	at org.springframework.beans.factory.support.AbstractAutowireCapableBeanFactory.createBean(AbstractAutowireCapableBeanFactory.java:522)
	at org.springframework.beans.factory.support.AbstractBeanFactory.lambda$doGetBean$0(AbstractBeanFactory.java:337)
	at org.springframework.beans.factory.support.DefaultSingletonBeanRegistry.getSingleton(DefaultSingletonBeanRegistry.java:234)
	at org.springframework.beans.factory.support.AbstractBeanFactory.doGetBean(AbstractBeanFactory.java:335)
	at org.springframework.beans.factory.support.AbstractBeanFactory.getBean(AbstractBeanFactory.java:205)
	at org.springframework.context.support.AbstractApplicationContext.finishBeanFactoryInitialization(AbstractApplicationContext.java:952)
	at org.springframework.context.support.AbstractApplicationContext.refresh(AbstractApplicationContext.java:624)
	at org.springframework.boot.web.servlet.context.ServletWebServerApplicationContext.refresh(ServletWebServerApplicationContext.java:146)
	at org.springframework.boot.SpringApplication.refresh(SpringApplication.java:754)
	at org.springframework.boot.SpringApplication.refreshContext(SpringApplication.java:456)
	at org.springframework.boot.SpringApplication.run(SpringApplication.java:335)
	at org.springframework.boot.SpringApplication.run(SpringApplication.java:1363)
	at org.springframework.boot.SpringApplication.run(SpringApplication.java:1352)
	at com.example.demo.DemoApplication.main(DemoApplication.java:11)
	at java.base/jdk.internal.reflect.NativeMethodAccessorImpl.invoke0(Native Method)
	at java.base/jdk.internal.reflect.NativeMethodAccessorImpl.invoke(NativeMethodAccessorImpl.java:77)
	at java.base/jdk.internal.reflect.DelegatingMethodAccessorImpl.invoke(DelegatingMethodAccessorImpl.java:43)
	at java.base/java.lang.reflect.Method.invoke(Method.java:568)
	at org.springframework.boot.devtools.restart.RestartLauncher.run(RestartLauncher.java:50)
Caused by: org.hibernate.AnnotationException: Association 'com.example.demo.entity.Doctor.products' targets the type 'com.example.demo.entity.Patience' which is not an '@Entity' type
	at org.hibernate.boot.model.internal.CollectionBinder.detectManyToManyProblems(CollectionBinder.java:2607)
	at org.hibernate.boot.model.internal.CollectionBinder.bindManyToManySecondPass(CollectionBinder.java:2176)
	at org.hibernate.boot.model.internal.CollectionBinder.bindStarToManySecondPass(CollectionBinder.java:1621)
	at org.hibernate.boot.model.internal.CollectionBinder$1.secondPass(CollectionBinder.java:1605)
	at org.hibernate.boot.model.internal.CollectionSecondPass.doSecondPass(CollectionSecondPass.java:45)
	at org.hibernate.boot.internal.InFlightMetadataCollectorImpl.processSecondPasses(InFlightMetadataCollectorImpl.java:1811)
	at org.hibernate.boot.internal.InFlightMetadataCollectorImpl.processSecondPasses(InFlightMetadataCollectorImpl.java:1770)
	at org.hibernate.boot.model.process.spi.MetadataBuildingProcess.complete(MetadataBuildingProcess.java:334)
	at org.hibernate.jpa.boot.internal.EntityManagerFactoryBuilderImpl.metadata(EntityManagerFactoryBuilderImpl.java:1431)
	at org.hibernate.jpa.boot.internal.EntityManagerFactoryBuilderImpl.build(EntityManagerFactoryBuilderImpl.java:1502)
	at org.springframework.orm.jpa.vendor.SpringHibernateJpaPersistenceProvider.createContainerEntityManagerFactory(SpringHibernateJpaPersistenceProvider.java:75)
	at org.springframework.orm.jpa.LocalContainerEntityManagerFactoryBean.createNativeEntityManagerFactory(LocalContainerEntityManagerFactoryBean.java:390)
	at org.springframework.orm.jpa.AbstractEntityManagerFactoryBean.buildNativeEntityManagerFactory(AbstractEntityManagerFactoryBean.java:409)
	at org.springframework.orm.jpa.AbstractEntityManagerFactoryBean.afterPropertiesSet(AbstractEntityManagerFactoryBean.java:396)
	at org.springframework.orm.jpa.LocalContainerEntityManagerFactoryBean.afterPropertiesSet(LocalContainerEntityManagerFactoryBean.java:366)
	at org.springframework.beans.factory.support.AbstractAutowireCapableBeanFactory.invokeInitMethods(AbstractAutowireCapableBeanFactory.java:1835)
	at org.springframework.beans.factory.support.AbstractAutowireCapableBeanFactory.initializeBean(AbstractAutowireCapableBeanFactory.java:1784)
	... 20 common frames omitted
com.example.demo.DemoApplication-[INFO]- 2024-07-02 12:32:04,519-Starting DemoApplication using Java 17.0.11 with PID 2208 (C:\Users\DELL\WorkSpace\Mini_Capston\doctor-service\target\classes started by DELL in C:\Users\DELL\WorkSpace\Mini_Capston\doctor-service)-
com.example.demo.DemoApplication-[INFO]- 2024-07-02 12:32:04,524-No active profile set, falling back to 1 default profile: "default"-
org.springframework.boot.devtools.env.DevToolsPropertyDefaultsPostProcessor-[INFO]- 2024-07-02 12:32:04,594-Devtools property defaults active! Set 'spring.devtools.add-properties' to 'false' to disable-
org.springframework.boot.devtools.env.DevToolsPropertyDefaultsPostProcessor-[INFO]- 2024-07-02 12:32:04,594-For additional web related logging consider setting the 'logging.level.web' property to 'DEBUG'-
org.springframework.data.repository.config.RepositoryConfigurationDelegate-[INFO]- 2024-07-02 12:32:05,675-Bootstrapping Spring Data JPA repositories in DEFAULT mode.-
org.springframework.data.repository.config.RepositoryConfigurationDelegate-[INFO]- 2024-07-02 12:32:05,747-Finished Spring Data repository scanning in 61 ms. Found 1 JPA repository interface.-
org.springframework.boot.web.embedded.tomcat.TomcatWebServer-[INFO]- 2024-07-02 12:32:06,445-Tomcat initialized with port 9192 (http)-
org.apache.catalina.core.StandardService-[INFO]- 2024-07-02 12:32:06,458-Starting service [Tomcat]-
org.apache.catalina.core.StandardEngine-[INFO]- 2024-07-02 12:32:06,459-Starting Servlet engine: [Apache Tomcat/10.1.24]-
org.apache.catalina.core.ContainerBase.[Tomcat].[localhost].[/]-[INFO]- 2024-07-02 12:32:06,536-Initializing Spring embedded WebApplicationContext-
org.springframework.boot.web.servlet.context.ServletWebServerApplicationContext-[INFO]- 2024-07-02 12:32:06,536-Root WebApplicationContext: initialization completed in 1941 ms-
org.hibernate.jpa.internal.util.LogHelper-[INFO]- 2024-07-02 12:32:06,726-HHH000204: Processing PersistenceUnitInfo [name: default]-
org.hibernate.Version-[INFO]- 2024-07-02 12:32:06,802-HHH000412: Hibernate ORM core version 6.5.2.Final-
org.hibernate.cache.internal.RegionFactoryInitiator-[INFO]- 2024-07-02 12:32:06,848-HHH000026: Second-level cache disabled-
org.springframework.orm.jpa.persistenceunit.SpringPersistenceUnitInfo-[INFO]- 2024-07-02 12:32:07,262-No LoadTimeWeaver setup: ignoring JPA class transformer-
com.zaxxer.hikari.HikariDataSource-[INFO]- 2024-07-02 12:32:07,299-HikariPool-1 - Starting...-
com.zaxxer.hikari.pool.HikariPool-[INFO]- 2024-07-02 12:32:07,683-HikariPool-1 - Added connection com.mysql.cj.jdbc.ConnectionImpl@102cb765-
com.zaxxer.hikari.HikariDataSource-[INFO]- 2024-07-02 12:32:07,686-HikariPool-1 - Start completed.-
org.springframework.orm.jpa.LocalContainerEntityManagerFactoryBean-[ERROR]- 2024-07-02 12:32:08,058-Failed to initialize JPA EntityManagerFactory: Entity 'com.example.demo.entity.Patience' has no identifier (every '@Entity' class must declare or inherit at least one '@Id' or '@EmbeddedId' property)-
org.springframework.boot.web.servlet.context.AnnotationConfigServletWebServerApplicationContext-[WARN]- 2024-07-02 12:32:08,059-Exception encountered during context initialization - cancelling refresh attempt: org.springframework.beans.factory.BeanCreationException: Error creating bean with name 'entityManagerFactory' defined in class path resource [org/springframework/boot/autoconfigure/orm/jpa/HibernateJpaConfiguration.class]: Entity 'com.example.demo.entity.Patience' has no identifier (every '@Entity' class must declare or inherit at least one '@Id' or '@EmbeddedId' property)-
com.zaxxer.hikari.HikariDataSource-[INFO]- 2024-07-02 12:32:08,061-HikariPool-1 - Shutdown initiated...-
com.zaxxer.hikari.HikariDataSource-[INFO]- 2024-07-02 12:32:08,072-HikariPool-1 - Shutdown completed.-
org.apache.catalina.core.StandardService-[INFO]- 2024-07-02 12:32:08,075-Stopping service [Tomcat]-
org.springframework.boot.autoconfigure.logging.ConditionEvaluationReportLogger-[INFO]- 2024-07-02 12:32:08,092-

Error starting ApplicationContext. To display the condition evaluation report re-run your application with 'debug' enabled.-
org.springframework.boot.SpringApplication-[ERROR]- 2024-07-02 12:32:08,118-Application run failed-
org.springframework.beans.factory.BeanCreationException: Error creating bean with name 'entityManagerFactory' defined in class path resource [org/springframework/boot/autoconfigure/orm/jpa/HibernateJpaConfiguration.class]: Entity 'com.example.demo.entity.Patience' has no identifier (every '@Entity' class must declare or inherit at least one '@Id' or '@EmbeddedId' property)
	at org.springframework.beans.factory.support.AbstractAutowireCapableBeanFactory.initializeBean(AbstractAutowireCapableBeanFactory.java:1788)
	at org.springframework.beans.factory.support.AbstractAutowireCapableBeanFactory.doCreateBean(AbstractAutowireCapableBeanFactory.java:600)
	at org.springframework.beans.factory.support.AbstractAutowireCapableBeanFactory.createBean(AbstractAutowireCapableBeanFactory.java:522)
	at org.springframework.beans.factory.support.AbstractBeanFactory.lambda$doGetBean$0(AbstractBeanFactory.java:337)
	at org.springframework.beans.factory.support.DefaultSingletonBeanRegistry.getSingleton(DefaultSingletonBeanRegistry.java:234)
	at org.springframework.beans.factory.support.AbstractBeanFactory.doGetBean(AbstractBeanFactory.java:335)
	at org.springframework.beans.factory.support.AbstractBeanFactory.getBean(AbstractBeanFactory.java:205)
	at org.springframework.context.support.AbstractApplicationContext.finishBeanFactoryInitialization(AbstractApplicationContext.java:952)
	at org.springframework.context.support.AbstractApplicationContext.refresh(AbstractApplicationContext.java:624)
	at org.springframework.boot.web.servlet.context.ServletWebServerApplicationContext.refresh(ServletWebServerApplicationContext.java:146)
	at org.springframework.boot.SpringApplication.refresh(SpringApplication.java:754)
	at org.springframework.boot.SpringApplication.refreshContext(SpringApplication.java:456)
	at org.springframework.boot.SpringApplication.run(SpringApplication.java:335)
	at org.springframework.boot.SpringApplication.run(SpringApplication.java:1363)
	at org.springframework.boot.SpringApplication.run(SpringApplication.java:1352)
	at com.example.demo.DemoApplication.main(DemoApplication.java:11)
	at java.base/jdk.internal.reflect.NativeMethodAccessorImpl.invoke0(Native Method)
	at java.base/jdk.internal.reflect.NativeMethodAccessorImpl.invoke(NativeMethodAccessorImpl.java:77)
	at java.base/jdk.internal.reflect.DelegatingMethodAccessorImpl.invoke(DelegatingMethodAccessorImpl.java:43)
	at java.base/java.lang.reflect.Method.invoke(Method.java:568)
	at org.springframework.boot.devtools.restart.RestartLauncher.run(RestartLauncher.java:50)
Caused by: org.hibernate.AnnotationException: Entity 'com.example.demo.entity.Patience' has no identifier (every '@Entity' class must declare or inherit at least one '@Id' or '@EmbeddedId' property)
	at org.hibernate.boot.model.internal.InheritanceState.determineDefaultAccessType(InheritanceState.java:279)
	at org.hibernate.boot.model.internal.InheritanceState.getElementsToProcess(InheritanceState.java:215)
	at org.hibernate.boot.model.internal.InheritanceState.postProcess(InheritanceState.java:160)
	at org.hibernate.boot.model.internal.EntityBinder.handleIdentifier(EntityBinder.java:407)
	at org.hibernate.boot.model.internal.EntityBinder.bindEntityClass(EntityBinder.java:248)
	at org.hibernate.boot.model.internal.AnnotationBinder.bindClass(AnnotationBinder.java:399)
	at org.hibernate.boot.model.source.internal.annotations.AnnotationMetadataSourceProcessorImpl.processEntityHierarchies(AnnotationMetadataSourceProcessorImpl.java:259)
	at org.hibernate.boot.model.process.spi.MetadataBuildingProcess$1.processEntityHierarchies(MetadataBuildingProcess.java:281)
	at org.hibernate.boot.model.process.spi.MetadataBuildingProcess.complete(MetadataBuildingProcess.java:324)
	at org.hibernate.jpa.boot.internal.EntityManagerFactoryBuilderImpl.metadata(EntityManagerFactoryBuilderImpl.java:1431)
	at org.hibernate.jpa.boot.internal.EntityManagerFactoryBuilderImpl.build(EntityManagerFactoryBuilderImpl.java:1502)
	at org.springframework.orm.jpa.vendor.SpringHibernateJpaPersistenceProvider.createContainerEntityManagerFactory(SpringHibernateJpaPersistenceProvider.java:75)
	at org.springframework.orm.jpa.LocalContainerEntityManagerFactoryBean.createNativeEntityManagerFactory(LocalContainerEntityManagerFactoryBean.java:390)
	at org.springframework.orm.jpa.AbstractEntityManagerFactoryBean.buildNativeEntityManagerFactory(AbstractEntityManagerFactoryBean.java:409)
	at org.springframework.orm.jpa.AbstractEntityManagerFactoryBean.afterPropertiesSet(AbstractEntityManagerFactoryBean.java:396)
	at org.springframework.orm.jpa.LocalContainerEntityManagerFactoryBean.afterPropertiesSet(LocalContainerEntityManagerFactoryBean.java:366)
	at org.springframework.beans.factory.support.AbstractAutowireCapableBeanFactory.invokeInitMethods(AbstractAutowireCapableBeanFactory.java:1835)
	at org.springframework.beans.factory.support.AbstractAutowireCapableBeanFactory.initializeBean(AbstractAutowireCapableBeanFactory.java:1784)
	... 20 common frames omitted
com.example.demo.DemoApplication-[INFO]- 2024-07-02 12:33:48,353-Starting DemoApplication using Java 17.0.11 with PID 12180 (C:\Users\DELL\WorkSpace\Mini_Capston\doctor-service\target\classes started by DELL in C:\Users\DELL\WorkSpace\Mini_Capston\doctor-service)-
com.example.demo.DemoApplication-[INFO]- 2024-07-02 12:33:48,386-No active profile set, falling back to 1 default profile: "default"-
org.springframework.boot.devtools.env.DevToolsPropertyDefaultsPostProcessor-[INFO]- 2024-07-02 12:33:48,536-Devtools property defaults active! Set 'spring.devtools.add-properties' to 'false' to disable-
org.springframework.boot.devtools.env.DevToolsPropertyDefaultsPostProcessor-[INFO]- 2024-07-02 12:33:48,537-For additional web related logging consider setting the 'logging.level.web' property to 'DEBUG'-
org.springframework.data.repository.config.RepositoryConfigurationDelegate-[INFO]- 2024-07-02 12:33:51,264-Bootstrapping Spring Data JPA repositories in DEFAULT mode.-
org.springframework.data.repository.config.RepositoryConfigurationDelegate-[INFO]- 2024-07-02 12:33:51,471-Finished Spring Data repository scanning in 174 ms. Found 1 JPA repository interface.-
org.springframework.boot.web.embedded.tomcat.TomcatWebServer-[INFO]- 2024-07-02 12:33:52,752-Tomcat initialized with port 9192 (http)-
org.apache.catalina.core.StandardService-[INFO]- 2024-07-02 12:33:52,768-Starting service [Tomcat]-
org.apache.catalina.core.StandardEngine-[INFO]- 2024-07-02 12:33:52,768-Starting Servlet engine: [Apache Tomcat/10.1.24]-
org.apache.catalina.core.ContainerBase.[Tomcat].[localhost].[/]-[INFO]- 2024-07-02 12:33:52,857-Initializing Spring embedded WebApplicationContext-
org.springframework.boot.web.servlet.context.ServletWebServerApplicationContext-[INFO]- 2024-07-02 12:33:52,857-Root WebApplicationContext: initialization completed in 4319 ms-
org.hibernate.jpa.internal.util.LogHelper-[INFO]- 2024-07-02 12:33:53,197-HHH000204: Processing PersistenceUnitInfo [name: default]-
org.hibernate.Version-[INFO]- 2024-07-02 12:33:53,338-HHH000412: Hibernate ORM core version 6.5.2.Final-
org.hibernate.cache.internal.RegionFactoryInitiator-[INFO]- 2024-07-02 12:33:53,409-HHH000026: Second-level cache disabled-
org.springframework.orm.jpa.persistenceunit.SpringPersistenceUnitInfo-[INFO]- 2024-07-02 12:33:53,988-No LoadTimeWeaver setup: ignoring JPA class transformer-
com.zaxxer.hikari.HikariDataSource-[INFO]- 2024-07-02 12:33:54,049-HikariPool-1 - Starting...-
com.zaxxer.hikari.pool.HikariPool-[INFO]- 2024-07-02 12:33:54,559-HikariPool-1 - Added connection com.mysql.cj.jdbc.ConnectionImpl@68cc3548-
com.zaxxer.hikari.HikariDataSource-[INFO]- 2024-07-02 12:33:54,564-HikariPool-1 - Start completed.-
org.springframework.orm.jpa.LocalContainerEntityManagerFactoryBean-[ERROR]- 2024-07-02 12:33:55,207-Failed to initialize JPA EntityManagerFactory: A '@JoinColumn' references a column named 'id' but the target entity 'com.example.demo.entity.Doctor' has no property which maps to this column-
org.springframework.boot.web.servlet.context.AnnotationConfigServletWebServerApplicationContext-[WARN]- 2024-07-02 12:33:55,208-Exception encountered during context initialization - cancelling refresh attempt: org.springframework.beans.factory.BeanCreationException: Error creating bean with name 'entityManagerFactory' defined in class path resource [org/springframework/boot/autoconfigure/orm/jpa/HibernateJpaConfiguration.class]: A '@JoinColumn' references a column named 'id' but the target entity 'com.example.demo.entity.Doctor' has no property which maps to this column-
com.zaxxer.hikari.HikariDataSource-[INFO]- 2024-07-02 12:33:55,215-HikariPool-1 - Shutdown initiated...-
com.zaxxer.hikari.HikariDataSource-[INFO]- 2024-07-02 12:33:55,247-HikariPool-1 - Shutdown completed.-
org.apache.catalina.core.StandardService-[INFO]- 2024-07-02 12:33:55,251-Stopping service [Tomcat]-
org.springframework.boot.autoconfigure.logging.ConditionEvaluationReportLogger-[INFO]- 2024-07-02 12:33:55,272-

Error starting ApplicationContext. To display the condition evaluation report re-run your application with 'debug' enabled.-
org.springframework.boot.SpringApplication-[ERROR]- 2024-07-02 12:33:55,310-Application run failed-
org.springframework.beans.factory.BeanCreationException: Error creating bean with name 'entityManagerFactory' defined in class path resource [org/springframework/boot/autoconfigure/orm/jpa/HibernateJpaConfiguration.class]: A '@JoinColumn' references a column named 'id' but the target entity 'com.example.demo.entity.Doctor' has no property which maps to this column
	at org.springframework.beans.factory.support.AbstractAutowireCapableBeanFactory.initializeBean(AbstractAutowireCapableBeanFactory.java:1788)
	at org.springframework.beans.factory.support.AbstractAutowireCapableBeanFactory.doCreateBean(AbstractAutowireCapableBeanFactory.java:600)
	at org.springframework.beans.factory.support.AbstractAutowireCapableBeanFactory.createBean(AbstractAutowireCapableBeanFactory.java:522)
	at org.springframework.beans.factory.support.AbstractBeanFactory.lambda$doGetBean$0(AbstractBeanFactory.java:337)
	at org.springframework.beans.factory.support.DefaultSingletonBeanRegistry.getSingleton(DefaultSingletonBeanRegistry.java:234)
	at org.springframework.beans.factory.support.AbstractBeanFactory.doGetBean(AbstractBeanFactory.java:335)
	at org.springframework.beans.factory.support.AbstractBeanFactory.getBean(AbstractBeanFactory.java:205)
	at org.springframework.context.support.AbstractApplicationContext.finishBeanFactoryInitialization(AbstractApplicationContext.java:952)
	at org.springframework.context.support.AbstractApplicationContext.refresh(AbstractApplicationContext.java:624)
	at org.springframework.boot.web.servlet.context.ServletWebServerApplicationContext.refresh(ServletWebServerApplicationContext.java:146)
	at org.springframework.boot.SpringApplication.refresh(SpringApplication.java:754)
	at org.springframework.boot.SpringApplication.refreshContext(SpringApplication.java:456)
	at org.springframework.boot.SpringApplication.run(SpringApplication.java:335)
	at org.springframework.boot.SpringApplication.run(SpringApplication.java:1363)
	at org.springframework.boot.SpringApplication.run(SpringApplication.java:1352)
	at com.example.demo.DemoApplication.main(DemoApplication.java:11)
	at java.base/jdk.internal.reflect.NativeMethodAccessorImpl.invoke0(Native Method)
	at java.base/jdk.internal.reflect.NativeMethodAccessorImpl.invoke(NativeMethodAccessorImpl.java:77)
	at java.base/jdk.internal.reflect.DelegatingMethodAccessorImpl.invoke(DelegatingMethodAccessorImpl.java:43)
	at java.base/java.lang.reflect.Method.invoke(Method.java:568)
	at org.springframework.boot.devtools.restart.RestartLauncher.run(RestartLauncher.java:50)
Caused by: org.hibernate.cfg.RecoverableException: A '@JoinColumn' references a column named 'id' but the target entity 'com.example.demo.entity.Doctor' has no property which maps to this column
	at org.hibernate.boot.model.internal.AnnotatedJoinColumns.getReferencedColumnsType(AnnotatedJoinColumns.java:326)
	at org.hibernate.boot.model.internal.BinderHelper.createSyntheticPropertyReference(BinderHelper.java:152)
	at org.hibernate.boot.model.internal.CollectionBinder.bindCollectionSecondPass(CollectionBinder.java:2729)
	at org.hibernate.boot.model.internal.CollectionBinder.bindOneToManySecondPass(CollectionBinder.java:1718)
	at org.hibernate.boot.model.internal.CollectionBinder.bindStarToManySecondPass(CollectionBinder.java:1616)
	at org.hibernate.boot.model.internal.CollectionBinder$1.secondPass(CollectionBinder.java:1605)
	at org.hibernate.boot.model.internal.CollectionSecondPass.doSecondPass(CollectionSecondPass.java:45)
	at org.hibernate.boot.internal.InFlightMetadataCollectorImpl.processSecondPasses(InFlightMetadataCollectorImpl.java:1811)
	at org.hibernate.boot.internal.InFlightMetadataCollectorImpl.processSecondPasses(InFlightMetadataCollectorImpl.java:1770)
	at org.hibernate.boot.model.process.spi.MetadataBuildingProcess.complete(MetadataBuildingProcess.java:334)
	at org.hibernate.jpa.boot.internal.EntityManagerFactoryBuilderImpl.metadata(EntityManagerFactoryBuilderImpl.java:1431)
	at org.hibernate.jpa.boot.internal.EntityManagerFactoryBuilderImpl.build(EntityManagerFactoryBuilderImpl.java:1502)
	at org.springframework.orm.jpa.vendor.SpringHibernateJpaPersistenceProvider.createContainerEntityManagerFactory(SpringHibernateJpaPersistenceProvider.java:75)
	at org.springframework.orm.jpa.LocalContainerEntityManagerFactoryBean.createNativeEntityManagerFactory(LocalContainerEntityManagerFactoryBean.java:390)
	at org.springframework.orm.jpa.AbstractEntityManagerFactoryBean.buildNativeEntityManagerFactory(AbstractEntityManagerFactoryBean.java:409)
	at org.springframework.orm.jpa.AbstractEntityManagerFactoryBean.afterPropertiesSet(AbstractEntityManagerFactoryBean.java:396)
	at org.springframework.orm.jpa.LocalContainerEntityManagerFactoryBean.afterPropertiesSet(LocalContainerEntityManagerFactoryBean.java:366)
	at org.springframework.beans.factory.support.AbstractAutowireCapableBeanFactory.invokeInitMethods(AbstractAutowireCapableBeanFactory.java:1835)
	at org.springframework.beans.factory.support.AbstractAutowireCapableBeanFactory.initializeBean(AbstractAutowireCapableBeanFactory.java:1784)
	... 20 common frames omitted
Caused by: org.hibernate.MappingException: A '@JoinColumn' references a column named 'id' but the target entity 'com.example.demo.entity.Doctor' has no property which maps to this column
	at org.hibernate.boot.model.internal.AnnotatedJoinColumns.getReferencedColumnsType(AnnotatedJoinColumns.java:320)
	... 38 common frames omitted
com.example.demo.DemoApplication-[INFO]- 2024-07-02 12:34:53,037-Starting DemoApplication using Java 17.0.11 with PID 2608 (C:\Users\DELL\WorkSpace\Mini_Capston\doctor-service\target\classes started by DELL in C:\Users\DELL\WorkSpace\Mini_Capston\doctor-service)-
com.example.demo.DemoApplication-[INFO]- 2024-07-02 12:34:53,042-No active profile set, falling back to 1 default profile: "default"-
org.springframework.boot.devtools.env.DevToolsPropertyDefaultsPostProcessor-[INFO]- 2024-07-02 12:34:53,107-Devtools property defaults active! Set 'spring.devtools.add-properties' to 'false' to disable-
org.springframework.boot.devtools.env.DevToolsPropertyDefaultsPostProcessor-[INFO]- 2024-07-02 12:34:53,108-For additional web related logging consider setting the 'logging.level.web' property to 'DEBUG'-
org.springframework.data.repository.config.RepositoryConfigurationDelegate-[INFO]- 2024-07-02 12:34:54,218-Bootstrapping Spring Data JPA repositories in DEFAULT mode.-
org.springframework.data.repository.config.RepositoryConfigurationDelegate-[INFO]- 2024-07-02 12:34:54,289-Finished Spring Data repository scanning in 60 ms. Found 1 JPA repository interface.-
org.springframework.boot.web.embedded.tomcat.TomcatWebServer-[INFO]- 2024-07-02 12:34:54,990-Tomcat initialized with port 9192 (http)-
org.apache.catalina.core.StandardService-[INFO]- 2024-07-02 12:34:55,005-Starting service [Tomcat]-
org.apache.catalina.core.StandardEngine-[INFO]- 2024-07-02 12:34:55,006-Starting Servlet engine: [Apache Tomcat/10.1.24]-
org.apache.catalina.core.ContainerBase.[Tomcat].[localhost].[/]-[INFO]- 2024-07-02 12:34:55,081-Initializing Spring embedded WebApplicationContext-
org.springframework.boot.web.servlet.context.ServletWebServerApplicationContext-[INFO]- 2024-07-02 12:34:55,081-Root WebApplicationContext: initialization completed in 1972 ms-
org.hibernate.jpa.internal.util.LogHelper-[INFO]- 2024-07-02 12:34:55,274-HHH000204: Processing PersistenceUnitInfo [name: default]-
org.hibernate.Version-[INFO]- 2024-07-02 12:34:55,355-HHH000412: Hibernate ORM core version 6.5.2.Final-
org.hibernate.cache.internal.RegionFactoryInitiator-[INFO]- 2024-07-02 12:34:55,401-HHH000026: Second-level cache disabled-
org.springframework.orm.jpa.persistenceunit.SpringPersistenceUnitInfo-[INFO]- 2024-07-02 12:34:55,807-No LoadTimeWeaver setup: ignoring JPA class transformer-
com.zaxxer.hikari.HikariDataSource-[INFO]- 2024-07-02 12:34:55,846-HikariPool-1 - Starting...-
com.zaxxer.hikari.pool.HikariPool-[INFO]- 2024-07-02 12:34:56,227-HikariPool-1 - Added connection com.mysql.cj.jdbc.ConnectionImpl@55657ef7-
com.zaxxer.hikari.HikariDataSource-[INFO]- 2024-07-02 12:34:56,231-HikariPool-1 - Start completed.-
org.hibernate.engine.transaction.jta.platform.internal.JtaPlatformInitiator-[INFO]- 2024-07-02 12:34:57,774-HHH000489: No JTA platform available (set 'hibernate.transaction.jta.platform' to enable JTA platform integration)-
org.springframework.orm.jpa.LocalContainerEntityManagerFactoryBean-[INFO]- 2024-07-02 12:34:58,145-Initialized JPA EntityManagerFactory for persistence unit 'default'-
org.springframework.boot.autoconfigure.orm.jpa.JpaBaseConfiguration$JpaWebConfiguration-[WARN]- 2024-07-02 12:34:58,674-spring.jpa.open-in-view is enabled by default. Therefore, database queries may be performed during view rendering. Explicitly configure spring.jpa.open-in-view to disable this warning-
org.springframework.boot.devtools.autoconfigure.OptionalLiveReloadServer-[WARN]- 2024-07-02 12:35:00,085-Unable to start LiveReload server-
org.springframework.boot.web.embedded.tomcat.TomcatWebServer-[INFO]- 2024-07-02 12:35:00,131-Tomcat started on port 9192 (http) with context path '/'-
com.example.demo.DemoApplication-[INFO]- 2024-07-02 12:35:00,143-Started DemoApplication in 7.723 seconds (process running for 8.727)-
org.springframework.boot.admin.SpringApplicationAdminMXBeanRegistrar$SpringApplicationAdmin-[INFO]- 2024-07-02 12:37:21,091-Application shutdown requested.-
org.springframework.orm.jpa.LocalContainerEntityManagerFactoryBean-[INFO]- 2024-07-02 12:37:21,118-Closing JPA EntityManagerFactory for persistence unit 'default'-
com.zaxxer.hikari.HikariDataSource-[INFO]- 2024-07-02 12:37:21,122-HikariPool-1 - Shutdown initiated...-
com.zaxxer.hikari.HikariDataSource-[INFO]- 2024-07-02 12:37:21,134-HikariPool-1 - Shutdown completed.-
com.example.demo.DemoApplication-[INFO]- 2024-07-02 14:03:36,338-Starting DemoApplication using Java 17.0.11 with PID 13112 (C:\Users\DELL\WorkSpace\Mini_Capston\doctor-service\target\classes started by DELL in C:\Users\DELL\WorkSpace\Mini_Capston\doctor-service)-
com.example.demo.DemoApplication-[INFO]- 2024-07-02 14:03:36,343-No active profile set, falling back to 1 default profile: "default"-
org.springframework.boot.devtools.env.DevToolsPropertyDefaultsPostProcessor-[INFO]- 2024-07-02 14:03:36,540-Devtools property defaults active! Set 'spring.devtools.add-properties' to 'false' to disable-
org.springframework.boot.devtools.env.DevToolsPropertyDefaultsPostProcessor-[INFO]- 2024-07-02 14:03:36,540-For additional web related logging consider setting the 'logging.level.web' property to 'DEBUG'-
org.springframework.data.repository.config.RepositoryConfigurationDelegate-[INFO]- 2024-07-02 14:03:39,604-Bootstrapping Spring Data JPA repositories in DEFAULT mode.-
org.springframework.data.repository.config.RepositoryConfigurationDelegate-[INFO]- 2024-07-02 14:03:39,792-Finished Spring Data repository scanning in 148 ms. Found 1 JPA repository interface.-
org.springframework.cloud.context.scope.GenericScope-[INFO]- 2024-07-02 14:03:40,365-BeanFactory id=c9ce96cf-599f-3feb-8ab4-39b24eecc72f-
org.springframework.boot.web.embedded.tomcat.TomcatWebServer-[INFO]- 2024-07-02 14:03:41,590-Tomcat initialized with port 9192 (http)-
org.apache.catalina.core.StandardService-[INFO]- 2024-07-02 14:03:41,619-Starting service [Tomcat]-
org.apache.catalina.core.StandardEngine-[INFO]- 2024-07-02 14:03:41,620-Starting Servlet engine: [Apache Tomcat/10.1.24]-
org.apache.catalina.core.ContainerBase.[Tomcat].[localhost].[/]-[INFO]- 2024-07-02 14:03:41,808-Initializing Spring embedded WebApplicationContext-
org.springframework.boot.web.servlet.context.ServletWebServerApplicationContext-[INFO]- 2024-07-02 14:03:41,810-Root WebApplicationContext: initialization completed in 5268 ms-
org.hibernate.jpa.internal.util.LogHelper-[INFO]- 2024-07-02 14:03:42,176-HHH000204: Processing PersistenceUnitInfo [name: default]-
org.hibernate.Version-[INFO]- 2024-07-02 14:03:42,352-HHH000412: Hibernate ORM core version 6.5.2.Final-
org.hibernate.cache.internal.RegionFactoryInitiator-[INFO]- 2024-07-02 14:03:42,466-HHH000026: Second-level cache disabled-
org.springframework.orm.jpa.persistenceunit.SpringPersistenceUnitInfo-[INFO]- 2024-07-02 14:03:43,379-No LoadTimeWeaver setup: ignoring JPA class transformer-
com.zaxxer.hikari.HikariDataSource-[INFO]- 2024-07-02 14:03:43,456-HikariPool-1 - Starting...-
com.zaxxer.hikari.pool.HikariPool-[INFO]- 2024-07-02 14:03:44,142-HikariPool-1 - Added connection com.mysql.cj.jdbc.ConnectionImpl@a1caf50-
com.zaxxer.hikari.HikariDataSource-[INFO]- 2024-07-02 14:03:44,146-HikariPool-1 - Start completed.-
org.hibernate.engine.transaction.jta.platform.internal.JtaPlatformInitiator-[INFO]- 2024-07-02 14:03:46,172-HHH000489: No JTA platform available (set 'hibernate.transaction.jta.platform' to enable JTA platform integration)-
org.springframework.orm.jpa.LocalContainerEntityManagerFactoryBean-[INFO]- 2024-07-02 14:03:46,584-Initialized JPA EntityManagerFactory for persistence unit 'default'-
org.springframework.boot.autoconfigure.orm.jpa.JpaBaseConfiguration$JpaWebConfiguration-[WARN]- 2024-07-02 14:03:47,310-spring.jpa.open-in-view is enabled by default. Therefore, database queries may be performed during view rendering. Explicitly configure spring.jpa.open-in-view to disable this warning-
org.springframework.boot.devtools.autoconfigure.OptionalLiveReloadServer-[INFO]- 2024-07-02 14:03:47,378-LiveReload server is running on port 35729-
org.springframework.boot.web.embedded.tomcat.TomcatWebServer-[INFO]- 2024-07-02 14:03:49,379-Tomcat started on port 9192 (http) with context path '/'-
com.example.demo.DemoApplication-[INFO]- 2024-07-02 14:03:49,588-Started DemoApplication in 15.136 seconds (process running for 17.688)-
org.springframework.boot.admin.SpringApplicationAdminMXBeanRegistrar$SpringApplicationAdmin-[INFO]- 2024-07-02 14:05:28,301-Application shutdown requested.-
org.springframework.orm.jpa.LocalContainerEntityManagerFactoryBean-[INFO]- 2024-07-02 14:05:28,326-Closing JPA EntityManagerFactory for persistence unit 'default'-
com.zaxxer.hikari.HikariDataSource-[INFO]- 2024-07-02 14:05:28,332-HikariPool-1 - Shutdown initiated...-
com.zaxxer.hikari.HikariDataSource-[INFO]- 2024-07-02 14:05:28,346-HikariPool-1 - Shutdown completed.-
com.example.demo.DemoApplication-[INFO]- 2024-07-02 14:32:26,405-Starting DemoApplication using Java 17.0.11 with PID 16348 (C:\Users\DELL\WorkSpace\Mini_Capston\doctor-service\target\classes started by DELL in C:\Users\DELL\WorkSpace\Mini_Capston\doctor-service)-
com.example.demo.DemoApplication-[INFO]- 2024-07-02 14:32:26,417-No active profile set, falling back to 1 default profile: "default"-
org.springframework.boot.devtools.env.DevToolsPropertyDefaultsPostProcessor-[INFO]- 2024-07-02 14:32:26,565-Devtools property defaults active! Set 'spring.devtools.add-properties' to 'false' to disable-
org.springframework.boot.devtools.env.DevToolsPropertyDefaultsPostProcessor-[INFO]- 2024-07-02 14:32:26,566-For additional web related logging consider setting the 'logging.level.web' property to 'DEBUG'-
org.springframework.data.repository.config.RepositoryConfigurationDelegate-[INFO]- 2024-07-02 14:32:29,674-Bootstrapping Spring Data JPA repositories in DEFAULT mode.-
org.springframework.data.repository.config.RepositoryConfigurationDelegate-[INFO]- 2024-07-02 14:32:29,845-Finished Spring Data repository scanning in 139 ms. Found 1 JPA repository interface.-
org.springframework.cloud.context.scope.GenericScope-[INFO]- 2024-07-02 14:32:30,398-BeanFactory id=c9ce96cf-599f-3feb-8ab4-39b24eecc72f-
org.springframework.boot.web.embedded.tomcat.TomcatWebServer-[INFO]- 2024-07-02 14:32:31,645-Tomcat initialized with port 9192 (http)-
org.apache.catalina.core.StandardService-[INFO]- 2024-07-02 14:32:31,675-Starting service [Tomcat]-
org.apache.catalina.core.StandardEngine-[INFO]- 2024-07-02 14:32:31,676-Starting Servlet engine: [Apache Tomcat/10.1.24]-
org.apache.catalina.core.ContainerBase.[Tomcat].[localhost].[/]-[INFO]- 2024-07-02 14:32:31,813-Initializing Spring embedded WebApplicationContext-
org.springframework.boot.web.servlet.context.ServletWebServerApplicationContext-[INFO]- 2024-07-02 14:32:31,814-Root WebApplicationContext: initialization completed in 5247 ms-
org.hibernate.jpa.internal.util.LogHelper-[INFO]- 2024-07-02 14:32:32,146-HHH000204: Processing PersistenceUnitInfo [name: default]-
org.hibernate.Version-[INFO]- 2024-07-02 14:32:32,322-HHH000412: Hibernate ORM core version 6.5.2.Final-
org.hibernate.cache.internal.RegionFactoryInitiator-[INFO]- 2024-07-02 14:32:32,433-HHH000026: Second-level cache disabled-
org.springframework.orm.jpa.persistenceunit.SpringPersistenceUnitInfo-[INFO]- 2024-07-02 14:32:33,195-No LoadTimeWeaver setup: ignoring JPA class transformer-
com.zaxxer.hikari.HikariDataSource-[INFO]- 2024-07-02 14:32:33,261-HikariPool-1 - Starting...-
com.zaxxer.hikari.pool.HikariPool-[INFO]- 2024-07-02 14:32:33,705-HikariPool-1 - Added connection com.mysql.cj.jdbc.ConnectionImpl@5fa8bbc0-
com.zaxxer.hikari.HikariDataSource-[INFO]- 2024-07-02 14:32:33,708-HikariPool-1 - Start completed.-
org.hibernate.engine.transaction.jta.platform.internal.JtaPlatformInitiator-[INFO]- 2024-07-02 14:32:35,380-HHH000489: No JTA platform available (set 'hibernate.transaction.jta.platform' to enable JTA platform integration)-
org.springframework.orm.jpa.LocalContainerEntityManagerFactoryBean-[INFO]- 2024-07-02 14:32:35,489-Initialized JPA EntityManagerFactory for persistence unit 'default'-
org.springframework.boot.autoconfigure.orm.jpa.JpaBaseConfiguration$JpaWebConfiguration-[WARN]- 2024-07-02 14:32:36,037-spring.jpa.open-in-view is enabled by default. Therefore, database queries may be performed during view rendering. Explicitly configure spring.jpa.open-in-view to disable this warning-
org.springframework.boot.devtools.autoconfigure.OptionalLiveReloadServer-[INFO]- 2024-07-02 14:32:36,102-LiveReload server is running on port 35729-
org.springframework.boot.web.embedded.tomcat.TomcatWebServer-[INFO]- 2024-07-02 14:32:38,188-Tomcat started on port 9192 (http) with context path '/'-
com.example.demo.DemoApplication-[INFO]- 2024-07-02 14:32:38,425-Started DemoApplication in 13.898 seconds (process running for 16.293)-
org.springframework.boot.admin.SpringApplicationAdminMXBeanRegistrar$SpringApplicationAdmin-[INFO]- 2024-07-02 14:38:51,396-Application shutdown requested.-
org.springframework.orm.jpa.LocalContainerEntityManagerFactoryBean-[INFO]- 2024-07-02 14:38:51,430-Closing JPA EntityManagerFactory for persistence unit 'default'-
com.zaxxer.hikari.HikariDataSource-[INFO]- 2024-07-02 14:38:51,436-HikariPool-1 - Shutdown initiated...-
com.zaxxer.hikari.HikariDataSource-[INFO]- 2024-07-02 14:38:51,453-HikariPool-1 - Shutdown completed.-
